#
# There is insufficient memory for the Java Runtime Environment to continue.
# Native memory allocation (malloc) failed to allocate 1235184 bytes for Chunk::new
# Possible reasons:
#   The system is out of physical RAM or swap space
#   The process is running with CompressedOops enabled, and the Java Heap may be blocking the growth of the native heap
# Possible solutions:
#   Reduce memory load on the system
#   Increase physical memory or swap space
#   Check if swap backing store is full
#   Decrease Java heap size (-Xmx/-Xms)
#   Decrease number of Java threads
#   Decrease Java thread stack sizes (-Xss)
#   Set larger code cache with -XX:ReservedCodeCacheSize=
#   JVM is running with Unscaled Compressed Oops mode in which the Java heap is
#     placed in the first 4GB address space. The Java Heap base address is the
#     maximum limit for the native heap growth. Please use -XX:HeapBaseMinAddress
#     to set the Java Heap base and to place the Java Heap above 4GB virtual address.
# This output file may be truncated or incomplete.
#
#  Out of Memory Error (arena.cpp:191), pid=30740, tid=7804
#
# JRE version: OpenJDK Runtime Environment Temurin-17.0.10+7 (17.0.10+7) (build 17.0.10+7)
# Java VM: OpenJDK 64-Bit Server VM Temurin-17.0.10+7 (17.0.10+7, mixed mode, tiered, compressed oops, compressed class ptrs, parallel gc, windows-amd64)
# No core dump will be written. Minidumps are not enabled by default on client versions of Windows
#

---------------  S U M M A R Y ------------

Command Line: --add-modules=ALL-SYSTEM --add-opens=java.base/java.util=ALL-UNNAMED --add-opens=java.base/java.lang=ALL-UNNAMED --add-opens=java.base/sun.nio.fs=ALL-UNNAMED -Declipse.application=org.eclipse.jdt.ls.core.id1 -Dosgi.bundles.defaultStartLevel=4 -Declipse.product=org.eclipse.jdt.ls.core.product -Djava.import.generatesMetadataFilesAtProjectRoot=false -DDetectVMInstallationsJob.disabled=true -Dfile.encoding=utf8 -XX:+UseParallelGC -XX:GCTimeRatio=4 -XX:AdaptiveSizePolicyWeight=90 -Dsun.zip.disableMemoryMapping=true -Xmx1G -Xms100m -Xlog:disable -javaagent:c:\Users\noir_\.vscode\extensions\redhat.java-1.27.0-win32-x64\lombok\lombok-1.18.31.jar c:\Users\noir_\.vscode\extensions\redhat.java-1.27.0-win32-x64\server\plugins\org.eclipse.equinox.launcher_1.6.700.v20231214-2017.jar -configuration c:\Users\noir_\AppData\Roaming\Code\User\globalStorage\redhat.java\1.27.0\config_ss_win -data c:\Users\noir_\AppData\Roaming\Code\User\workspaceStorage\56730a31681e540ef937ae5023f4b58e\redhat.java\ss_ws --stdio

Host: Intel(R) Core(TM) i7-8700 CPU @ 3.20GHz, 12 cores, 31G,  Windows 11 , 64 bit Build 22621 (10.0.22621.3085)
Time: Sun Feb  4 01:54:10 2024  Windows 11 , 64 bit Build 22621 (10.0.22621.3085) elapsed time: 47.282771 seconds (0d 0h 0m 47s)

---------------  T H R E A D  ---------------

Current thread (0x000002104cea4f70):  JavaThread "C2 CompilerThread0" daemon [_thread_in_native, id=7804, stack(0x000000e3dde00000,0x000000e3ddf00000)]


Current CompileTask:
C2:  47282 3798 %     4       java.io.WinNTFileSystem::normalize @ 22 (143 bytes)

Stack: [0x000000e3dde00000,0x000000e3ddf00000]
Native frames: (J=compiled Java code, j=interpreted, Vv=VM code, C=native code)
V  [jvm.dll+0x67d2c9]
V  [jvm.dll+0x834afa]
V  [jvm.dll+0x8365be]
V  [jvm.dll+0x836c23]
V  [jvm.dll+0x2477ff]
V  [jvm.dll+0xac514]
V  [jvm.dll+0xacb5c]
V  [jvm.dll+0x3667d7]
V  [jvm.dll+0x330bfa]
V  [jvm.dll+0x33009a]
V  [jvm.dll+0x219ef1]
V  [jvm.dll+0x219311]
V  [jvm.dll+0x1a502d]
V  [jvm.dll+0x2290de]
V  [jvm.dll+0x2272ac]
V  [jvm.dll+0x7e9bb7]
V  [jvm.dll+0x7e3fba]
V  [jvm.dll+0x67c1b5]
C  [ucrtbase.dll+0x29363]
C  [KERNEL32.DLL+0x1257d]
C  [ntdll.dll+0x5aa58]


---------------  P R O C E S S  ---------------

Threads class SMR info:
_java_thread_list=0x000002104e751c40, length=26, elements={
0x0000021031fcf780, 0x0000021047db1020, 0x0000021047db2190, 0x0000021047dbde20,
0x0000021047dbe9e0, 0x000002104cea1600, 0x000002104cea21c0, 0x000002104cea4f70,
0x000002104cf0b490, 0x000002104cf0e250, 0x000002104cfbc3a0, 0x000002104d182220,
0x000002104f2ec200, 0x000002104ee65e90, 0x000002104f18e5e0, 0x000002104e8d4610,
0x000002104e8d5030, 0x000002104e8d36e0, 0x000002104e8d3bf0, 0x0000021050310b50,
0x000002105030e2d0, 0x000002105030ecf0, 0x00000210503138e0, 0x0000021050314300,
0x000002104f5a8af0, 0x000002105030e7e0
}

Java Threads: ( => current thread )
  0x0000021031fcf780 JavaThread "main" [_thread_blocked, id=33552, stack(0x000000e3dd500000,0x000000e3dd600000)]
  0x0000021047db1020 JavaThread "Reference Handler" daemon [_thread_blocked, id=11992, stack(0x000000e3dd800000,0x000000e3dd900000)]
  0x0000021047db2190 JavaThread "Finalizer" daemon [_thread_blocked, id=20372, stack(0x000000e3dd900000,0x000000e3dda00000)]
  0x0000021047dbde20 JavaThread "Signal Dispatcher" daemon [_thread_blocked, id=17148, stack(0x000000e3dda00000,0x000000e3ddb00000)]
  0x0000021047dbe9e0 JavaThread "Attach Listener" daemon [_thread_blocked, id=27060, stack(0x000000e3ddb00000,0x000000e3ddc00000)]
  0x000002104cea1600 JavaThread "Service Thread" daemon [_thread_blocked, id=28272, stack(0x000000e3ddc00000,0x000000e3ddd00000)]
  0x000002104cea21c0 JavaThread "Monitor Deflation Thread" daemon [_thread_blocked, id=25416, stack(0x000000e3ddd00000,0x000000e3dde00000)]
=>0x000002104cea4f70 JavaThread "C2 CompilerThread0" daemon [_thread_in_native, id=7804, stack(0x000000e3dde00000,0x000000e3ddf00000)]
  0x000002104cf0b490 JavaThread "C1 CompilerThread0" daemon [_thread_blocked, id=33684, stack(0x000000e3ddf00000,0x000000e3de000000)]
  0x000002104cf0e250 JavaThread "Sweeper thread" daemon [_thread_blocked, id=11868, stack(0x000000e3de000000,0x000000e3de100000)]
  0x000002104cfbc3a0 JavaThread "Common-Cleaner" daemon [_thread_blocked, id=8652, stack(0x000000e3de100000,0x000000e3de200000)]
  0x000002104d182220 JavaThread "Notification Thread" daemon [_thread_blocked, id=29504, stack(0x000000e3de300000,0x000000e3de400000)]
  0x000002104f2ec200 JavaThread "Active Thread: Equinox Container: 4acfcad5-d839-40da-8273-8a8801facbcb" [_thread_blocked, id=13248, stack(0x000000e3deb00000,0x000000e3dec00000)]
  0x000002104ee65e90 JavaThread "Framework Event Dispatcher: Equinox Container: 4acfcad5-d839-40da-8273-8a8801facbcb" daemon [_thread_blocked, id=31260, stack(0x000000e3dea00000,0x000000e3deb00000)]
  0x000002104f18e5e0 JavaThread "Start Level: Equinox Container: 4acfcad5-d839-40da-8273-8a8801facbcb" daemon [_thread_blocked, id=31136, stack(0x000000e3dec00000,0x000000e3ded00000)]
  0x000002104e8d4610 JavaThread "SCR Component Actor" daemon [_thread_blocked, id=30256, stack(0x000000e3ded00000,0x000000e3dee00000)]
  0x000002104e8d5030 JavaThread "Worker-JM" [_thread_blocked, id=19120, stack(0x000000e3df100000,0x000000e3df200000)]
  0x000002104e8d36e0 JavaThread "Worker-0" [_thread_blocked, id=30592, stack(0x000000e3df400000,0x000000e3df500000)]
  0x000002104e8d3bf0 JavaThread "Worker-1" [_thread_blocked, id=35520, stack(0x000000e3df500000,0x000000e3df600000)]
  0x0000021050310b50 JavaThread "JNA Cleaner" daemon [_thread_blocked, id=11160, stack(0x000000e3df700000,0x000000e3df800000)]
  0x000002105030e2d0 JavaThread "pool-2-thread-1" [_thread_blocked, id=6880, stack(0x000000e3df600000,0x000000e3df700000)]
  0x000002105030ecf0 JavaThread "WorkspaceEventsHandler" [_thread_blocked, id=12280, stack(0x000000e3dfa00000,0x000000e3dfb00000)]
  0x00000210503138e0 JavaThread "pool-1-thread-1" [_thread_blocked, id=33976, stack(0x000000e3dfb00000,0x000000e3dfc00000)]
  0x0000021050314300 JavaThread "pool-3-thread-1" [_thread_blocked, id=12160, stack(0x000000e3def00000,0x000000e3df000000)]
  0x000002104f5a8af0 JavaThread "C2 CompilerThread1" daemon [_thread_blocked, id=14628, stack(0x000000e3df000000,0x000000e3df100000)]
  0x000002105030e7e0 JavaThread "Framework stop - Equinox Container: 4acfcad5-d839-40da-8273-8a8801facbcb" [_thread_in_vm, id=14772, stack(0x000000e3dfc00000,0x000000e3dfd00000)]

Other Threads:
  0x000002103205aa50 VMThread "VM Thread" [stack: 0x000000e3dd700000,0x000000e3dd800000] [id=16000]
  0x000002104d182700 WatcherThread [stack: 0x000000e3de400000,0x000000e3de500000] [id=11332]
  0x0000021031fe5680 GCTaskThread "GC Thread#0" [stack: 0x000000e3dd600000,0x000000e3dd700000] [id=23156]
  0x000002104eb09e10 GCTaskThread "GC Thread#1" [stack: 0x000000e3de200000,0x000000e3de300000] [id=35652]
  0x000002104ec52ab0 GCTaskThread "GC Thread#2" [stack: 0x000000e3de500000,0x000000e3de600000] [id=25648]
  0x000002104e8f7b20 GCTaskThread "GC Thread#3" [stack: 0x000000e3de600000,0x000000e3de700000] [id=29448]
  0x000002104e8f7de0 GCTaskThread "GC Thread#4" [stack: 0x000000e3de700000,0x000000e3de800000] [id=3028]
  0x000002104e8f80a0 GCTaskThread "GC Thread#5" [stack: 0x000000e3de800000,0x000000e3de900000] [id=4216]
  0x000002104e8f8360 GCTaskThread "GC Thread#6" [stack: 0x000000e3de900000,0x000000e3dea00000] [id=34352]
  0x000002104ee9e200 GCTaskThread "GC Thread#7" [stack: 0x000000e3dee00000,0x000000e3def00000] [id=1184]
  0x000002104f25f090 GCTaskThread "GC Thread#8" [stack: 0x000000e3df200000,0x000000e3df300000] [id=31912]
  0x000002104f25f350 GCTaskThread "GC Thread#9" [stack: 0x000000e3df300000,0x000000e3df400000] [id=30512]

Threads with active compile tasks:
C2 CompilerThread0    47317 3798 %     4       java.io.WinNTFileSystem::normalize @ 22 (143 bytes)

VM state: not at safepoint (normal execution)

VM Mutex/Monitor currently owned by a thread: None

Heap address: 0x00000000c0000000, size: 1024 MB, Compressed Oops mode: 32-bit

CDS archive(s) not mapped
Compressed class space mapped at: 0x0000000100000000-0x0000000140000000, reserved size: 1073741824
Narrow klass base: 0x0000000000000000, Narrow klass shift: 3, Narrow klass range: 0x140000000

GC Precious Log:
 CPUs: 12 total, 12 available
 Memory: 32614M
 Large Page Support: Disabled
 NUMA Support: Disabled
 Compressed Oops: Enabled (32-bit)
 Alignments: Space 512K, Generation 512K, Heap 2M
 Heap Min Capacity: 100M
 Heap Initial Capacity: 100M
 Heap Max Capacity: 1G
 Pre-touch: Disabled
 Parallel Workers: 10

Heap:
 PSYoungGen      total 24576K, used 12537K [0x00000000eab00000, 0x00000000ec600000, 0x0000000100000000)
  eden space 22016K, 46% used [0x00000000eab00000,0x00000000eb50e6e0,0x00000000ec080000)
  from space 2560K, 87% used [0x00000000ec380000,0x00000000ec5b0000,0x00000000ec600000)
  to   space 2560K, 0% used [0x00000000ec100000,0x00000000ec100000,0x00000000ec380000)
 ParOldGen       total 68608K, used 22293K [0x00000000c0000000, 0x00000000c4300000, 0x00000000eab00000)
  object space 68608K, 32% used [0x00000000c0000000,0x00000000c15c5430,0x00000000c4300000)
 Metaspace       used 37206K, committed 37952K, reserved 1114112K
  class space    used 3800K, committed 4160K, reserved 1048576K

Card table byte_map: [0x0000021045630000,0x0000021045840000] _byte_map_base: 0x0000021045030000

Marking Bits: (ParMarkBitMap*) 0x00007ffe8f76d7d0
 Begin Bits: [0x00000210459a0000, 0x00000210469a0000)
 End Bits:   [0x00000210469a0000, 0x00000210479a0000)

Polling page: 0x0000021032080000

Metaspace:

Usage:
  Non-class:     32.62 MB used.
      Class:      3.71 MB used.
       Both:     36.33 MB used.

Virtual space:
  Non-class space:       64.00 MB reserved,      33.00 MB ( 52%) committed,  1 nodes.
      Class space:        1.00 GB reserved,       4.06 MB ( <1%) committed,  1 nodes.
             Both:        1.06 GB reserved,      37.06 MB (  3%) committed. 

Chunk freelists:
   Non-Class:  14.97 MB
       Class:  11.84 MB
        Both:  26.81 MB

MaxMetaspaceSize: unlimited
CompressedClassSpaceSize: 1.00 GB
Initial GC threshold: 21.00 MB
Current GC threshold: 58.38 MB
CDS: off
MetaspaceReclaimPolicy: balanced
 - commit_granule_bytes: 65536.
 - commit_granule_words: 8192.
 - virtual_space_node_default_size: 8388608.
 - enlarge_chunks_in_place: 1.
 - new_chunks_are_fully_committed: 0.
 - uncommit_free_chunks: 1.
 - use_allocation_guard: 0.
 - handle_deallocations: 1.


Internal statistics:

num_allocs_failed_limit: 8.
num_arena_births: 370.
num_arena_deaths: 14.
num_vsnodes_births: 2.
num_vsnodes_deaths: 0.
num_space_committed: 593.
num_space_uncommitted: 0.
num_chunks_returned_to_freelist: 22.
num_chunks_taken_from_freelist: 1514.
num_chunk_merges: 13.
num_chunk_splits: 981.
num_chunks_enlarged: 648.
num_inconsistent_stats: 0.

CodeHeap 'non-profiled nmethods': size=120000Kb used=2016Kb max_used=2016Kb free=117983Kb
 bounds [0x000002103df20000, 0x000002103e190000, 0x0000021045450000]
CodeHeap 'profiled nmethods': size=120000Kb used=7599Kb max_used=7599Kb free=112400Kb
 bounds [0x0000021036450000, 0x0000021036bc0000, 0x000002103d980000]
CodeHeap 'non-nmethods': size=5760Kb used=1274Kb max_used=1342Kb free=4485Kb
 bounds [0x000002103d980000, 0x000002103dbf0000, 0x000002103df20000]
 total_blobs=4429 nmethods=3829 adapters=514
 compilation: enabled
              stopped_count=0, restarted_count=0
 full_count=0

Compilation events (20 events):
Event: 47.239 Thread 0x000002104cf0b490 3824       3       org.eclipse.core.internal.resources.ResourceInfo::getBits (6 bytes)
Event: 47.239 Thread 0x000002104cf0b490 nmethod 3824 0x0000021036bb8090 code [0x0000021036bb8220, 0x0000021036bb8318]
Event: 47.250 Thread 0x000002104cf0b490 3825       3       java.util.Properties::saveConvert (383 bytes)
Event: 47.252 Thread 0x000002104cf0b490 nmethod 3825 0x0000021036bb8390 code [0x0000021036bb87e0, 0x0000021036bba468]
Event: 47.252 Thread 0x000002104cf0b490 3828       1       org.eclipse.core.internal.jobs.InternalJob::getJobGroup (5 bytes)
Event: 47.252 Thread 0x000002104cf0b490 nmethod 3828 0x000002103e116a90 code [0x000002103e116c20, 0x000002103e116cf8]
Event: 47.252 Thread 0x000002104f5a8af0 3827       4       java.lang.invoke.DirectMethodHandle::constructorMethod (10 bytes)
Event: 47.253 Thread 0x000002104f5a8af0 nmethod 3827 0x000002103e116d90 code [0x000002103e116f00, 0x000002103e116f98]
Event: 47.253 Thread 0x000002104f5a8af0 3826       4       java.lang.invoke.DirectMethodHandle::allocateInstance (16 bytes)
Event: 47.253 Thread 0x000002104cf0b490 3829       3       org.eclipse.osgi.internal.framework.FilterImpl$Item::compare_ObjectArray (38 bytes)
Event: 47.253 Thread 0x000002104cf0b490 nmethod 3829 0x0000021036bbaf10 code [0x0000021036bbb0c0, 0x0000021036bbb368]
Event: 47.253 Thread 0x000002104cf0b490 3830       3       java.util.Dictionary::<init> (5 bytes)
Event: 47.253 Thread 0x000002104cf0b490 nmethod 3830 0x0000021036bbb490 code [0x0000021036bbb620, 0x0000021036bbb778]
Event: 47.253 Thread 0x000002104cf0b490 3831       3       org.eclipse.osgi.internal.framework.FilterImpl$Item::matches0 (15 bytes)
Event: 47.253 Thread 0x000002104cf0b490 nmethod 3831 0x0000021036bbb810 code [0x0000021036bbb9c0, 0x0000021036bbbbd8]
Event: 47.254 Thread 0x000002104f5a8af0 nmethod 3826 0x000002103e117090 code [0x000002103e117220, 0x000002103e1173b8]
Event: 47.254 Thread 0x000002104f5a8af0 3810       4       java.lang.String::getChars (54 bytes)
Event: 47.257 Thread 0x000002104f5a8af0 nmethod 3810 0x000002103e117510 code [0x000002103e1176a0, 0x000002103e117a78]
Event: 47.257 Thread 0x000002104f5a8af0 3811       4       java.lang.StringLatin1::getChars (12 bytes)
Event: 47.258 Thread 0x000002104f5a8af0 nmethod 3811 0x000002103e117d10 code [0x000002103e117e80, 0x000002103e117ff8]

GC Heap History (20 events):
Event: 6.003 GC heap before
{Heap before GC invocations=7 (full 1):
 PSYoungGen      total 26112K, used 25773K [0x00000000eab00000, 0x00000000ec880000, 0x0000000100000000)
  eden space 25088K, 100% used [0x00000000eab00000,0x00000000ec380000,0x00000000ec380000)
  from space 1024K, 66% used [0x00000000ec400000,0x00000000ec4ab588,0x00000000ec500000)
  to   space 2560K, 0% used [0x00000000ec600000,0x00000000ec600000,0x00000000ec880000)
 ParOldGen       total 68608K, used 6743K [0x00000000c0000000, 0x00000000c4300000, 0x00000000eab00000)
  object space 68608K, 9% used [0x00000000c0000000,0x00000000c0695fb0,0x00000000c4300000)
 Metaspace       used 26840K, committed 27328K, reserved 1114112K
  class space    used 2586K, committed 2816K, reserved 1048576K
}
Event: 6.003 GC heap after
{Heap after GC invocations=7 (full 1):
 PSYoungGen      total 26112K, used 1065K [0x00000000eab00000, 0x00000000ec780000, 0x0000000100000000)
  eden space 24576K, 0% used [0x00000000eab00000,0x00000000eab00000,0x00000000ec300000)
  from space 1536K, 69% used [0x00000000ec600000,0x00000000ec70a4c0,0x00000000ec780000)
  to   space 1536K, 0% used [0x00000000ec480000,0x00000000ec480000,0x00000000ec600000)
 ParOldGen       total 68608K, used 6751K [0x00000000c0000000, 0x00000000c4300000, 0x00000000eab00000)
  object space 68608K, 9% used [0x00000000c0000000,0x00000000c0697fb0,0x00000000c4300000)
 Metaspace       used 26840K, committed 27328K, reserved 1114112K
  class space    used 2586K, committed 2816K, reserved 1048576K
}
Event: 6.952 GC heap before
{Heap before GC invocations=8 (full 1):
 PSYoungGen      total 26112K, used 25641K [0x00000000eab00000, 0x00000000ec780000, 0x0000000100000000)
  eden space 24576K, 100% used [0x00000000eab00000,0x00000000ec300000,0x00000000ec300000)
  from space 1536K, 69% used [0x00000000ec600000,0x00000000ec70a4c0,0x00000000ec780000)
  to   space 1536K, 0% used [0x00000000ec480000,0x00000000ec480000,0x00000000ec600000)
 ParOldGen       total 68608K, used 6760K [0x00000000c0000000, 0x00000000c4300000, 0x00000000eab00000)
  object space 68608K, 9% used [0x00000000c0000000,0x00000000c069a160,0x00000000c4300000)
 Metaspace       used 31474K, committed 32064K, reserved 1114112K
  class space    used 3092K, committed 3328K, reserved 1048576K
}
Event: 6.954 GC heap after
{Heap after GC invocations=8 (full 1):
 PSYoungGen      total 26112K, used 1534K [0x00000000eab00000, 0x00000000eca00000, 0x0000000100000000)
  eden space 24576K, 0% used [0x00000000eab00000,0x00000000eab00000,0x00000000ec300000)
  from space 1536K, 99% used [0x00000000ec480000,0x00000000ec5ff898,0x00000000ec600000)
  to   space 3584K, 0% used [0x00000000ec680000,0x00000000ec680000,0x00000000eca00000)
 ParOldGen       total 68608K, used 8408K [0x00000000c0000000, 0x00000000c4300000, 0x00000000eab00000)
  object space 68608K, 12% used [0x00000000c0000000,0x00000000c0836190,0x00000000c4300000)
 Metaspace       used 31474K, committed 32064K, reserved 1114112K
  class space    used 3092K, committed 3328K, reserved 1048576K
}
Event: 7.377 GC heap before
{Heap before GC invocations=9 (full 1):
 PSYoungGen      total 26112K, used 24609K [0x00000000eab00000, 0x00000000eca00000, 0x0000000100000000)
  eden space 24576K, 93% used [0x00000000eab00000,0x00000000ec188be0,0x00000000ec300000)
  from space 1536K, 99% used [0x00000000ec480000,0x00000000ec5ff898,0x00000000ec600000)
  to   space 3584K, 0% used [0x00000000ec680000,0x00000000ec680000,0x00000000eca00000)
 ParOldGen       total 68608K, used 8408K [0x00000000c0000000, 0x00000000c4300000, 0x00000000eab00000)
  object space 68608K, 12% used [0x00000000c0000000,0x00000000c0836190,0x00000000c4300000)
 Metaspace       used 35130K, committed 35840K, reserved 1114112K
  class space    used 3555K, committed 3904K, reserved 1048576K
}
Event: 7.379 GC heap after
{Heap after GC invocations=9 (full 1):
 PSYoungGen      total 28160K, used 3191K [0x00000000eab00000, 0x00000000eca00000, 0x0000000100000000)
  eden space 24576K, 0% used [0x00000000eab00000,0x00000000eab00000,0x00000000ec300000)
  from space 3584K, 89% used [0x00000000ec680000,0x00000000ec99dd98,0x00000000eca00000)
  to   space 3584K, 0% used [0x00000000ec300000,0x00000000ec300000,0x00000000ec680000)
 ParOldGen       total 68608K, used 8416K [0x00000000c0000000, 0x00000000c4300000, 0x00000000eab00000)
  object space 68608K, 12% used [0x00000000c0000000,0x00000000c0838190,0x00000000c4300000)
 Metaspace       used 35130K, committed 35840K, reserved 1114112K
  class space    used 3555K, committed 3904K, reserved 1048576K
}
Event: 7.379 GC heap before
{Heap before GC invocations=10 (full 2):
 PSYoungGen      total 28160K, used 3191K [0x00000000eab00000, 0x00000000eca00000, 0x0000000100000000)
  eden space 24576K, 0% used [0x00000000eab00000,0x00000000eab00000,0x00000000ec300000)
  from space 3584K, 89% used [0x00000000ec680000,0x00000000ec99dd98,0x00000000eca00000)
  to   space 3584K, 0% used [0x00000000ec300000,0x00000000ec300000,0x00000000ec680000)
 ParOldGen       total 68608K, used 8416K [0x00000000c0000000, 0x00000000c4300000, 0x00000000eab00000)
  object space 68608K, 12% used [0x00000000c0000000,0x00000000c0838190,0x00000000c4300000)
 Metaspace       used 35130K, committed 35840K, reserved 1114112K
  class space    used 3555K, committed 3904K, reserved 1048576K
}
Event: 7.403 GC heap after
{Heap after GC invocations=10 (full 2):
 PSYoungGen      total 28160K, used 0K [0x00000000eab00000, 0x00000000eca00000, 0x0000000100000000)
  eden space 24576K, 0% used [0x00000000eab00000,0x00000000eab00000,0x00000000ec300000)
  from space 3584K, 0% used [0x00000000ec680000,0x00000000ec680000,0x00000000eca00000)
  to   space 3584K, 0% used [0x00000000ec300000,0x00000000ec300000,0x00000000ec680000)
 ParOldGen       total 68608K, used 11331K [0x00000000c0000000, 0x00000000c4300000, 0x00000000eab00000)
  object space 68608K, 16% used [0x00000000c0000000,0x00000000c0b10ef8,0x00000000c4300000)
 Metaspace       used 35130K, committed 35840K, reserved 1114112K
  class space    used 3555K, committed 3904K, reserved 1048576K
}
Event: 7.761 GC heap before
{Heap before GC invocations=11 (full 2):
 PSYoungGen      total 28160K, used 24576K [0x00000000eab00000, 0x00000000eca00000, 0x0000000100000000)
  eden space 24576K, 100% used [0x00000000eab00000,0x00000000ec300000,0x00000000ec300000)
  from space 3584K, 0% used [0x00000000ec680000,0x00000000ec680000,0x00000000eca00000)
  to   space 3584K, 0% used [0x00000000ec300000,0x00000000ec300000,0x00000000ec680000)
 ParOldGen       total 68608K, used 11333K [0x00000000c0000000, 0x00000000c4300000, 0x00000000eab00000)
  object space 68608K, 16% used [0x00000000c0000000,0x00000000c0b11718,0x00000000c4300000)
 Metaspace       used 36608K, committed 37376K, reserved 1114112K
  class space    used 3728K, committed 4096K, reserved 1048576K
}
Event: 7.763 GC heap after
{Heap after GC invocations=11 (full 2):
 PSYoungGen      total 26624K, used 2048K [0x00000000eab00000, 0x00000000ec780000, 0x0000000100000000)
  eden space 24064K, 0% used [0x00000000eab00000,0x00000000eab00000,0x00000000ec280000)
  from space 2560K, 80% used [0x00000000ec300000,0x00000000ec500040,0x00000000ec580000)
  to   space 2048K, 0% used [0x00000000ec580000,0x00000000ec580000,0x00000000ec780000)
 ParOldGen       total 68608K, used 11341K [0x00000000c0000000, 0x00000000c4300000, 0x00000000eab00000)
  object space 68608K, 16% used [0x00000000c0000000,0x00000000c0b13718,0x00000000c4300000)
 Metaspace       used 36608K, committed 37376K, reserved 1114112K
  class space    used 3728K, committed 4096K, reserved 1048576K
}
Event: 7.939 GC heap before
{Heap before GC invocations=12 (full 2):
 PSYoungGen      total 26624K, used 26112K [0x00000000eab00000, 0x00000000ec780000, 0x0000000100000000)
  eden space 24064K, 100% used [0x00000000eab00000,0x00000000ec280000,0x00000000ec280000)
  from space 2560K, 80% used [0x00000000ec300000,0x00000000ec500040,0x00000000ec580000)
  to   space 2048K, 0% used [0x00000000ec580000,0x00000000ec580000,0x00000000ec780000)
 ParOldGen       total 68608K, used 11341K [0x00000000c0000000, 0x00000000c4300000, 0x00000000eab00000)
  object space 68608K, 16% used [0x00000000c0000000,0x00000000c0b13718,0x00000000c4300000)
 Metaspace       used 36788K, committed 37504K, reserved 1114112K
  class space    used 3747K, committed 4096K, reserved 1048576K
}
Event: 7.941 GC heap after
{Heap after GC invocations=12 (full 2):
 PSYoungGen      total 24576K, used 2016K [0x00000000eab00000, 0x00000000ecb00000, 0x0000000100000000)
  eden space 22528K, 0% used [0x00000000eab00000,0x00000000eab00000,0x00000000ec100000)
  from space 2048K, 98% used [0x00000000ec580000,0x00000000ec778030,0x00000000ec780000)
  to   space 4608K, 0% used [0x00000000ec100000,0x00000000ec100000,0x00000000ec580000)
 ParOldGen       total 68608K, used 13205K [0x00000000c0000000, 0x00000000c4300000, 0x00000000eab00000)
  object space 68608K, 19% used [0x00000000c0000000,0x00000000c0ce5728,0x00000000c4300000)
 Metaspace       used 36788K, committed 37504K, reserved 1114112K
  class space    used 3747K, committed 4096K, reserved 1048576K
}
Event: 8.048 GC heap before
{Heap before GC invocations=13 (full 2):
 PSYoungGen      total 24576K, used 24544K [0x00000000eab00000, 0x00000000ecb00000, 0x0000000100000000)
  eden space 22528K, 100% used [0x00000000eab00000,0x00000000ec100000,0x00000000ec100000)
  from space 2048K, 98% used [0x00000000ec580000,0x00000000ec778030,0x00000000ec780000)
  to   space 4608K, 0% used [0x00000000ec100000,0x00000000ec100000,0x00000000ec580000)
 ParOldGen       total 68608K, used 13205K [0x00000000c0000000, 0x00000000c4300000, 0x00000000eab00000)
  object space 68608K, 19% used [0x00000000c0000000,0x00000000c0ce5728,0x00000000c4300000)
 Metaspace       used 36827K, committed 37632K, reserved 1114112K
  class space    used 3748K, committed 4096K, reserved 1048576K
}
Event: 8.050 GC heap after
{Heap after GC invocations=13 (full 2):
 PSYoungGen      total 24576K, used 2292K [0x00000000eab00000, 0x00000000ec680000, 0x0000000100000000)
  eden space 22016K, 0% used [0x00000000eab00000,0x00000000eab00000,0x00000000ec080000)
  from space 2560K, 89% used [0x00000000ec100000,0x00000000ec33d130,0x00000000ec380000)
  to   space 3072K, 0% used [0x00000000ec380000,0x00000000ec380000,0x00000000ec680000)
 ParOldGen       total 68608K, used 15197K [0x00000000c0000000, 0x00000000c4300000, 0x00000000eab00000)
  object space 68608K, 22% used [0x00000000c0000000,0x00000000c0ed7758,0x00000000c4300000)
 Metaspace       used 36827K, committed 37632K, reserved 1114112K
  class space    used 3748K, committed 4096K, reserved 1048576K
}
Event: 8.133 GC heap before
{Heap before GC invocations=14 (full 2):
 PSYoungGen      total 24576K, used 24308K [0x00000000eab00000, 0x00000000ec680000, 0x0000000100000000)
  eden space 22016K, 100% used [0x00000000eab00000,0x00000000ec080000,0x00000000ec080000)
  from space 2560K, 89% used [0x00000000ec100000,0x00000000ec33d130,0x00000000ec380000)
  to   space 3072K, 0% used [0x00000000ec380000,0x00000000ec380000,0x00000000ec680000)
 ParOldGen       total 68608K, used 15197K [0x00000000c0000000, 0x00000000c4300000, 0x00000000eab00000)
  object space 68608K, 22% used [0x00000000c0000000,0x00000000c0ed7758,0x00000000c4300000)
 Metaspace       used 36890K, committed 37696K, reserved 1114112K
  class space    used 3761K, committed 4160K, reserved 1048576K
}
Event: 8.135 GC heap after
{Heap after GC invocations=14 (full 2):
 PSYoungGen      total 25088K, used 2560K [0x00000000eab00000, 0x00000000ec680000, 0x0000000100000000)
  eden space 22016K, 0% used [0x00000000eab00000,0x00000000eab00000,0x00000000ec080000)
  from space 3072K, 83% used [0x00000000ec380000,0x00000000ec600010,0x00000000ec680000)
  to   space 3072K, 0% used [0x00000000ec080000,0x00000000ec080000,0x00000000ec380000)
 ParOldGen       total 68608K, used 17314K [0x00000000c0000000, 0x00000000c4300000, 0x00000000eab00000)
  object space 68608K, 25% used [0x00000000c0000000,0x00000000c10e8888,0x00000000c4300000)
 Metaspace       used 36890K, committed 37696K, reserved 1114112K
  class space    used 3761K, committed 4160K, reserved 1048576K
}
Event: 8.201 GC heap before
{Heap before GC invocations=15 (full 2):
 PSYoungGen      total 25088K, used 24576K [0x00000000eab00000, 0x00000000ec680000, 0x0000000100000000)
  eden space 22016K, 100% used [0x00000000eab00000,0x00000000ec080000,0x00000000ec080000)
  from space 3072K, 83% used [0x00000000ec380000,0x00000000ec600010,0x00000000ec680000)
  to   space 3072K, 0% used [0x00000000ec080000,0x00000000ec080000,0x00000000ec380000)
 ParOldGen       total 68608K, used 17314K [0x00000000c0000000, 0x00000000c4300000, 0x00000000eab00000)
  object space 68608K, 25% used [0x00000000c0000000,0x00000000c10e8888,0x00000000c4300000)
 Metaspace       used 36890K, committed 37696K, reserved 1114112K
  class space    used 3761K, committed 4160K, reserved 1048576K
}
Event: 8.204 GC heap after
{Heap after GC invocations=15 (full 2):
 PSYoungGen      total 25088K, used 2624K [0x00000000eab00000, 0x00000000ec680000, 0x0000000100000000)
  eden space 22016K, 0% used [0x00000000eab00000,0x00000000eab00000,0x00000000ec080000)
  from space 3072K, 85% used [0x00000000ec080000,0x00000000ec310010,0x00000000ec380000)
  to   space 3072K, 0% used [0x00000000ec380000,0x00000000ec380000,0x00000000ec680000)
 ParOldGen       total 68608K, used 19813K [0x00000000c0000000, 0x00000000c4300000, 0x00000000eab00000)
  object space 68608K, 28% used [0x00000000c0000000,0x00000000c1359420,0x00000000c4300000)
 Metaspace       used 36890K, committed 37696K, reserved 1114112K
  class space    used 3761K, committed 4160K, reserved 1048576K
}
Event: 8.242 GC heap before
{Heap before GC invocations=16 (full 2):
 PSYoungGen      total 25088K, used 24640K [0x00000000eab00000, 0x00000000ec680000, 0x0000000100000000)
  eden space 22016K, 100% used [0x00000000eab00000,0x00000000ec080000,0x00000000ec080000)
  from space 3072K, 85% used [0x00000000ec080000,0x00000000ec310010,0x00000000ec380000)
  to   space 3072K, 0% used [0x00000000ec380000,0x00000000ec380000,0x00000000ec680000)
 ParOldGen       total 68608K, used 19813K [0x00000000c0000000, 0x00000000c4300000, 0x00000000eab00000)
  object space 68608K, 28% used [0x00000000c0000000,0x00000000c1359420,0x00000000c4300000)
 Metaspace       used 36890K, committed 37696K, reserved 1114112K
  class space    used 3761K, committed 4160K, reserved 1048576K
}
Event: 8.245 GC heap after
{Heap after GC invocations=16 (full 2):
 PSYoungGen      total 24576K, used 2240K [0x00000000eab00000, 0x00000000ec600000, 0x0000000100000000)
  eden space 22016K, 0% used [0x00000000eab00000,0x00000000eab00000,0x00000000ec080000)
  from space 2560K, 87% used [0x00000000ec380000,0x00000000ec5b0000,0x00000000ec600000)
  to   space 2560K, 0% used [0x00000000ec100000,0x00000000ec100000,0x00000000ec380000)
 ParOldGen       total 68608K, used 22293K [0x00000000c0000000, 0x00000000c4300000, 0x00000000eab00000)
  object space 68608K, 32% used [0x00000000c0000000,0x00000000c15c5430,0x00000000c4300000)
 Metaspace       used 36890K, committed 37696K, reserved 1114112K
  class space    used 3761K, committed 4160K, reserved 1048576K
}

Dll operation events (10 events):
Event: 0.095 Loaded shared library c:\Users\noir_\.vscode\extensions\redhat.java-1.27.0-win32-x64\jre\17.0.10-win32-x86_64\bin\java.dll
Event: 0.388 Loaded shared library c:\Users\noir_\.vscode\extensions\redhat.java-1.27.0-win32-x64\jre\17.0.10-win32-x86_64\bin\zip.dll
Event: 0.399 Loaded shared library C:\Users\noir_\.vscode\extensions\redhat.java-1.27.0-win32-x64\jre\17.0.10-win32-x86_64\bin\instrument.dll
Event: 0.414 Loaded shared library C:\Users\noir_\.vscode\extensions\redhat.java-1.27.0-win32-x64\jre\17.0.10-win32-x86_64\bin\net.dll
Event: 0.417 Loaded shared library C:\Users\noir_\.vscode\extensions\redhat.java-1.27.0-win32-x64\jre\17.0.10-win32-x86_64\bin\nio.dll
Event: 0.427 Loaded shared library C:\Users\noir_\.vscode\extensions\redhat.java-1.27.0-win32-x64\jre\17.0.10-win32-x86_64\bin\zip.dll
Event: 0.451 Loaded shared library C:\Users\noir_\.vscode\extensions\redhat.java-1.27.0-win32-x64\jre\17.0.10-win32-x86_64\bin\jimage.dll
Event: 0.559 Loaded shared library c:\Users\noir_\.vscode\extensions\redhat.java-1.27.0-win32-x64\jre\17.0.10-win32-x86_64\bin\verify.dll
Event: 5.134 Loaded shared library C:\Users\noir_\AppData\Roaming\Code\User\globalStorage\redhat.java\1.27.0\config_ss_win\org.eclipse.equinox.launcher\org.eclipse.equinox.launcher.win32.win32.x86_64_1.2.900.v20240129-1338\eclipse_11900.dll
Event: 6.941 Loaded shared library C:\Users\noir_\AppData\Local\Temp\jna-104998645\jna13434664923236203380.dll

Deoptimization events (20 events):
Event: 47.110 Thread 0x000002104e8d36e0 Uncommon trap: trap_request=0xffffffde fr.pc=0x000002103e0c6ca4 relative=0x0000000000000084
Event: 47.110 Thread 0x000002104e8d36e0 Uncommon trap: reason=class_check action=maybe_recompile pc=0x000002103e0c6ca4 method=java.util.Spliterators$1Adapter.hasNext()Z @ 12 c2
Event: 47.110 Thread 0x000002104e8d36e0 DEOPT PACKING pc=0x000002103e0c6ca4 sp=0x000000e3df4febd0
Event: 47.110 Thread 0x000002104e8d36e0 DEOPT UNPACKING pc=0x000002103d9d66a3 sp=0x000000e3df4feb68 mode 2
Event: 47.110 Thread 0x000002104e8d36e0 Uncommon trap: trap_request=0xffffffde fr.pc=0x000002103e0c6ca4 relative=0x0000000000000084
Event: 47.111 Thread 0x000002104e8d36e0 Uncommon trap: reason=class_check action=maybe_recompile pc=0x000002103e0c6ca4 method=java.util.Spliterators$1Adapter.hasNext()Z @ 12 c2
Event: 47.111 Thread 0x000002104e8d36e0 DEOPT PACKING pc=0x000002103e0c6ca4 sp=0x000000e3df4febd0
Event: 47.111 Thread 0x000002104e8d36e0 DEOPT UNPACKING pc=0x000002103d9d66a3 sp=0x000000e3df4feb68 mode 2
Event: 47.170 Thread 0x000002104e8d36e0 Uncommon trap: trap_request=0xffffffde fr.pc=0x000002103dfb3124 relative=0x00000000000007a4
Event: 47.170 Thread 0x000002104e8d36e0 Uncommon trap: reason=class_check action=maybe_recompile pc=0x000002103dfb3124 method=java.util.HashMap.computeIfAbsent(Ljava/lang/Object;Ljava/util/function/Function;)Ljava/lang/Object; @ 188 c2
Event: 47.170 Thread 0x000002104e8d36e0 DEOPT PACKING pc=0x000002103dfb3124 sp=0x000000e3df4ff1b0
Event: 47.170 Thread 0x000002104e8d36e0 DEOPT UNPACKING pc=0x000002103d9d66a3 sp=0x000000e3df4ff158 mode 2
Event: 47.181 Thread 0x000002104e8d36e0 Uncommon trap: trap_request=0xffffff45 fr.pc=0x000002103e078abc relative=0x00000000000038bc
Event: 47.181 Thread 0x000002104e8d36e0 Uncommon trap: reason=unstable_if action=reinterpret pc=0x000002103e078abc method=jdk.internal.org.objectweb.asm.Frame.push(I)V @ 26 c2
Event: 47.181 Thread 0x000002104e8d36e0 DEOPT PACKING pc=0x000002103e078abc sp=0x000000e3df4fd940
Event: 47.181 Thread 0x000002104e8d36e0 DEOPT UNPACKING pc=0x000002103d9d66a3 sp=0x000000e3df4fd868 mode 2
Event: 47.182 Thread 0x000002104e8d36e0 Uncommon trap: trap_request=0xffffff45 fr.pc=0x000002103e06f8d0 relative=0x00000000000001b0
Event: 47.182 Thread 0x000002104e8d36e0 Uncommon trap: reason=unstable_if action=reinterpret pc=0x000002103e06f8d0 method=jdk.internal.org.objectweb.asm.Frame.push(I)V @ 26 c2
Event: 47.182 Thread 0x000002104e8d36e0 DEOPT PACKING pc=0x000002103e06f8d0 sp=0x000000e3df4fdb00
Event: 47.182 Thread 0x000002104e8d36e0 DEOPT UNPACKING pc=0x000002103d9d66a3 sp=0x000000e3df4fda98 mode 2

Classes unloaded (7 events):
Event: 5.712 Thread 0x000002103205aa50 Unloading class 0x000000010021a400 'java/lang/invoke/LambdaForm$MH+0x000000010021a400'
Event: 5.712 Thread 0x000002103205aa50 Unloading class 0x000000010021a000 'java/lang/invoke/LambdaForm$MH+0x000000010021a000'
Event: 5.712 Thread 0x000002103205aa50 Unloading class 0x0000000100219c00 'java/lang/invoke/LambdaForm$MH+0x0000000100219c00'
Event: 5.712 Thread 0x000002103205aa50 Unloading class 0x0000000100219800 'java/lang/invoke/LambdaForm$MH+0x0000000100219800'
Event: 5.712 Thread 0x000002103205aa50 Unloading class 0x0000000100219400 'java/lang/invoke/LambdaForm$BMH+0x0000000100219400'
Event: 5.712 Thread 0x000002103205aa50 Unloading class 0x0000000100219000 'java/lang/invoke/LambdaForm$DMH+0x0000000100219000'
Event: 5.712 Thread 0x000002103205aa50 Unloading class 0x0000000100214400 'java/lang/invoke/LambdaForm$DMH+0x0000000100214400'

Classes redefined (0 events):
No events

Internal exceptions (20 events):
Event: 7.177 Thread 0x0000021031fcf780 Exception <a 'java/lang/IncompatibleClassChangeError'{0x00000000eb90a708}: Found class java.lang.Object, but interface was expected> (0x00000000eb90a708) 
thrown [s\src\hotspot\share\interpreter\linkResolver.cpp, line 826]
Event: 7.287 Thread 0x00000210503138e0 Exception <a 'java/io/FileNotFoundException'{0x00000000ebf42fe8}> (0x00000000ebf42fe8) 
thrown [s\src\hotspot\share\prims\jni.cpp, line 516]
Event: 7.343 Thread 0x00000210503138e0 Exception <a 'sun/nio/fs/WindowsException'{0x00000000ec0fecc8}> (0x00000000ec0fecc8) 
thrown [s\src\hotspot\share\prims\jni.cpp, line 516]
Event: 7.345 Thread 0x000002104e8d36e0 Exception <a 'java/io/FileNotFoundException'{0x00000000ec116e80}> (0x00000000ec116e80) 
thrown [s\src\hotspot\share\prims\jni.cpp, line 516]
Event: 7.346 Thread 0x000002104e8d36e0 Exception <a 'java/io/FileNotFoundException'{0x00000000ec118420}> (0x00000000ec118420) 
thrown [s\src\hotspot\share\prims\jni.cpp, line 516]
Event: 7.347 Thread 0x000002104e8d36e0 Exception <a 'java/io/FileNotFoundException'{0x00000000ec1195b0}> (0x00000000ec1195b0) 
thrown [s\src\hotspot\share\prims\jni.cpp, line 516]
Event: 7.469 Thread 0x00000210503138e0 Exception <a 'java/io/IOException'{0x00000000eae73c40}> (0x00000000eae73c40) 
thrown [s\src\hotspot\share\prims\jni.cpp, line 516]
Event: 7.469 Thread 0x00000210503138e0 Exception <a 'java/io/IOException'{0x00000000eae74018}> (0x00000000eae74018) 
thrown [s\src\hotspot\share\prims\jni.cpp, line 516]
Event: 7.469 Thread 0x00000210503138e0 Exception <a 'java/io/IOException'{0x00000000eae743f0}> (0x00000000eae743f0) 
thrown [s\src\hotspot\share\prims\jni.cpp, line 516]
Event: 7.485 Thread 0x000002104e8d36e0 Exception <a 'java/lang/NoSuchMethodError'{0x00000000eaeff300}: 'java.lang.Object java.lang.invoke.Invokers$Holder.invoke_MT(java.lang.Object, java.lang.Object, java.lang.Object)'> (0x00000000eaeff300) 
thrown [s\src\hotspot\share\interpreter\linkResolver.cpp, line 759]
Event: 7.815 Thread 0x000002104e8d36e0 Exception <a 'java/io/FileNotFoundException'{0x00000000eb1c0678}> (0x00000000eb1c0678) 
thrown [s\src\hotspot\share\prims\jni.cpp, line 516]
Event: 7.815 Thread 0x000002104e8d36e0 Exception <a 'java/io/FileNotFoundException'{0x00000000eb1c2140}> (0x00000000eb1c2140) 
thrown [s\src\hotspot\share\prims\jni.cpp, line 516]
Event: 7.817 Thread 0x000002104e8d36e0 Exception <a 'java/lang/NoSuchMethodError'{0x00000000eb1d3c20}: 'void java.lang.invoke.DirectMethodHandle$Holder.invokeStaticInit(java.lang.Object, java.lang.Object, java.lang.Object)'> (0x00000000eb1d3c20) 
thrown [s\src\hotspot\share\interpreter\linkResolver.cpp, line 759]
Event: 8.320 Thread 0x000002104e8d36e0 Exception <a 'java/io/IOException'{0x00000000eb274680}> (0x00000000eb274680) 
thrown [s\src\hotspot\share\prims\jni.cpp, line 516]
Event: 8.320 Thread 0x000002104e8d36e0 Exception <a 'java/io/IOException'{0x00000000eb274a58}> (0x00000000eb274a58) 
thrown [s\src\hotspot\share\prims\jni.cpp, line 516]
Event: 8.320 Thread 0x000002104e8d36e0 Exception <a 'java/io/IOException'{0x00000000eb274e30}> (0x00000000eb274e30) 
thrown [s\src\hotspot\share\prims\jni.cpp, line 516]
Event: 47.181 Thread 0x000002104e8d36e0 Exception <a 'java/lang/NoSuchMethodError'{0x00000000eb405ac0}: 'java.lang.Object java.lang.invoke.DirectMethodHandle$Holder.newInvokeSpecial(java.lang.Object, java.lang.Object, java.lang.Object, java.lang.Object, java.lang.Object, java.lang.Object, java.lang.Object, java.lang.Object, java.lang.Object, java.lang.Object)'> (0x00000000eb405ac0) 
thrown [s\src\hotspot\share\interpreter\linkResolver.cpp, line 759]
Event: 47.182 Thread 0x000002104e8d36e0 Exception <a 'java/lang/NoSuchMethodError'{0x00000000eb40a7b0}: 'java.lang.Object java.lang.invoke.DirectMethodHandle$Holder.invokeSpecial(java.lang.Object, java.lang.Object, java.lang.Object, java.lang.Object, java.lang.Object, java.lang.Object, java.lang.Object, java.lang.Object, java.lang.Object, java.lang.Object, java.lang.Object)'> (0x00000000eb40a7b0) 
thrown [s\src\hotspot\share\interpreter\linkResolver.cpp, line 759]
Event: 47.182 Thread 0x000002104e8d36e0 Exception <a 'java/lang/NoSuchMethodError'{0x00000000eb40ecc0}: 'java.lang.Object java.lang.invoke.Invokers$Holder.linkToTargetMethod(java.lang.Object, java.lang.Object, java.lang.Object, java.lang.Object, java.lang.Object, java.lang.Object, java.lang.Object, java.lang.Object, java.lang.Object, java.lang.Object)'> (0x00000000eb40ecc0) 
thrown [s\src\hotspot\share\interpreter\linkResolver.cpp, line 759]
Event: 47.235 Thread 0x000002104e8d36e0 Exception <a 'sun/nio/fs/WindowsException'{0x00000000eb4920e8}> (0x00000000eb4920e8) 
thrown [s\src\hotspot\share\prims\jni.cpp, line 516]

VM Operations (20 events):
Event: 7.559 Executing VM operation: HandshakeAllThreads
Event: 7.560 Executing VM operation: HandshakeAllThreads done
Event: 7.754 Executing VM operation: ICBufferFull
Event: 7.755 Executing VM operation: ICBufferFull done
Event: 7.761 Executing VM operation: ParallelGCFailedAllocation
Event: 7.764 Executing VM operation: ParallelGCFailedAllocation done
Event: 7.939 Executing VM operation: ParallelGCFailedAllocation
Event: 7.941 Executing VM operation: ParallelGCFailedAllocation done
Event: 8.048 Executing VM operation: ParallelGCFailedAllocation
Event: 8.050 Executing VM operation: ParallelGCFailedAllocation done
Event: 8.133 Executing VM operation: ParallelGCFailedAllocation
Event: 8.135 Executing VM operation: ParallelGCFailedAllocation done
Event: 8.201 Executing VM operation: ParallelGCFailedAllocation
Event: 8.204 Executing VM operation: ParallelGCFailedAllocation done
Event: 8.242 Executing VM operation: ParallelGCFailedAllocation
Event: 8.245 Executing VM operation: ParallelGCFailedAllocation done
Event: 9.246 Executing VM operation: Cleanup
Event: 9.246 Executing VM operation: Cleanup done
Event: 11.251 Executing VM operation: Cleanup
Event: 11.252 Executing VM operation: Cleanup done

Events (20 events):
Event: 47.121 Thread 0x00000210503124a0 Thread added: 0x00000210503124a0
Event: 47.162 loading class java/util/stream/Nodes$CollectorTask$OfRef
Event: 47.162 loading class java/util/stream/Nodes$CollectorTask
Event: 47.163 loading class java/util/stream/AbstractTask
Event: 47.163 loading class java/util/concurrent/CountedCompleter
Event: 47.163 loading class java/util/concurrent/CountedCompleter done
Event: 47.163 loading class java/util/stream/AbstractTask done
Event: 47.163 loading class java/util/stream/Nodes$CollectorTask done
Event: 47.163 loading class java/util/stream/Nodes$CollectorTask$OfRef done
Event: 47.163 loading class java/util/function/LongFunction
Event: 47.164 loading class java/util/function/LongFunction done
Event: 47.165 loading class java/util/stream/Nodes$ConcNode
Event: 47.165 loading class java/util/stream/Nodes$AbstractConcNode
Event: 47.165 loading class java/util/stream/Nodes$AbstractConcNode done
Event: 47.165 loading class java/util/stream/Nodes$ConcNode done
Event: 47.166 Thread 0x00000210503124a0 Thread exited: 0x00000210503124a0
Event: 47.186 Thread 0x00000210503124a0 Thread added: 0x00000210503124a0
Event: 47.229 Thread 0x00000210503124a0 Thread exited: 0x00000210503124a0
Event: 47.252 Thread 0x000002104f5a8af0 Thread added: 0x000002104f5a8af0
Event: 47.255 Thread 0x000002105030e7e0 Thread added: 0x000002105030e7e0


Dynamic libraries:
0x00007ff61e500000 - 0x00007ff61e50e000 	c:\Users\noir_\.vscode\extensions\redhat.java-1.27.0-win32-x64\jre\17.0.10-win32-x86_64\bin\java.exe
0x00007fff5ee10000 - 0x00007fff5f027000 	C:\WINDOWS\SYSTEM32\ntdll.dll
0x00007fff5e360000 - 0x00007fff5e424000 	C:\WINDOWS\System32\KERNEL32.DLL
0x00007fff5c1f0000 - 0x00007fff5c596000 	C:\WINDOWS\System32\KERNELBASE.dll
0x00007fff5c690000 - 0x00007fff5c7a1000 	C:\WINDOWS\System32\ucrtbase.dll
0x00007fff43500000 - 0x00007fff43517000 	c:\Users\noir_\.vscode\extensions\redhat.java-1.27.0-win32-x64\jre\17.0.10-win32-x86_64\bin\jli.dll
0x00007fff5cb60000 - 0x00007fff5cd0e000 	C:\WINDOWS\System32\USER32.dll
0x00007fff5c940000 - 0x00007fff5c966000 	C:\WINDOWS\System32\win32u.dll
0x00007fff5e110000 - 0x00007fff5e139000 	C:\WINDOWS\System32\GDI32.dll
0x00007fff5c820000 - 0x00007fff5c938000 	C:\WINDOWS\System32\gdi32full.dll
0x00007fff5c150000 - 0x00007fff5c1ea000 	C:\WINDOWS\System32\msvcp_win.dll
0x00007fff43440000 - 0x00007fff4345b000 	c:\Users\noir_\.vscode\extensions\redhat.java-1.27.0-win32-x64\jre\17.0.10-win32-x86_64\bin\VCRUNTIME140.dll
0x00007fff49ad0000 - 0x00007fff49d63000 	C:\WINDOWS\WinSxS\amd64_microsoft.windows.common-controls_6595b64144ccf1df_6.0.22621.2506_none_270c5ae97388e100\COMCTL32.dll
0x00007fff5eb70000 - 0x00007fff5ec17000 	C:\WINDOWS\System32\msvcrt.dll
0x00007fff5e270000 - 0x00007fff5e2a1000 	C:\WINDOWS\System32\IMM32.DLL
0x00007fff45bc0000 - 0x00007fff45bcc000 	c:\Users\noir_\.vscode\extensions\redhat.java-1.27.0-win32-x64\jre\17.0.10-win32-x86_64\bin\vcruntime140_1.dll
0x00007fff1f520000 - 0x00007fff1f5ad000 	c:\Users\noir_\.vscode\extensions\redhat.java-1.27.0-win32-x64\jre\17.0.10-win32-x86_64\bin\msvcp140.dll
0x00007ffe8ebd0000 - 0x00007ffe8f832000 	c:\Users\noir_\.vscode\extensions\redhat.java-1.27.0-win32-x64\jre\17.0.10-win32-x86_64\bin\server\jvm.dll
0x00007fff5d950000 - 0x00007fff5da03000 	C:\WINDOWS\System32\ADVAPI32.dll
0x00007fff5da10000 - 0x00007fff5dab8000 	C:\WINDOWS\System32\sechost.dll
0x00007fff5c5a0000 - 0x00007fff5c5c8000 	C:\WINDOWS\System32\bcrypt.dll
0x00007fff5d830000 - 0x00007fff5d947000 	C:\WINDOWS\System32\RPCRT4.dll
0x00007fff5be70000 - 0x00007fff5bebd000 	C:\WINDOWS\SYSTEM32\POWRPROF.dll
0x00007fff547a0000 - 0x00007fff547d4000 	C:\WINDOWS\SYSTEM32\WINMM.dll
0x00007fff543e0000 - 0x00007fff543ea000 	C:\WINDOWS\SYSTEM32\VERSION.dll
0x00007fff548b0000 - 0x00007fff548b9000 	C:\WINDOWS\SYSTEM32\WSOCK32.dll
0x00007fff5cd70000 - 0x00007fff5cde1000 	C:\WINDOWS\System32\WS2_32.dll
0x00007fff5bbe0000 - 0x00007fff5bbf3000 	C:\WINDOWS\SYSTEM32\UMPDC.dll
0x00007fff5b190000 - 0x00007fff5b1a8000 	C:\WINDOWS\SYSTEM32\kernel.appcore.dll
0x00007fff39730000 - 0x00007fff3973a000 	c:\Users\noir_\.vscode\extensions\redhat.java-1.27.0-win32-x64\jre\17.0.10-win32-x86_64\bin\jimage.dll
0x00007fff59b40000 - 0x00007fff59d73000 	C:\WINDOWS\SYSTEM32\DBGHELP.DLL
0x00007fff5dac0000 - 0x00007fff5de49000 	C:\WINDOWS\System32\combase.dll
0x00007fff5e430000 - 0x00007fff5e507000 	C:\WINDOWS\System32\OLEAUT32.dll
0x00007fff446e0000 - 0x00007fff44712000 	C:\WINDOWS\SYSTEM32\dbgcore.DLL
0x00007fff5cae0000 - 0x00007fff5cb5a000 	C:\WINDOWS\System32\bcryptPrimitives.dll
0x00007fff39720000 - 0x00007fff3972e000 	c:\Users\noir_\.vscode\extensions\redhat.java-1.27.0-win32-x64\jre\17.0.10-win32-x86_64\bin\instrument.dll
0x00007fff29e00000 - 0x00007fff29e25000 	c:\Users\noir_\.vscode\extensions\redhat.java-1.27.0-win32-x64\jre\17.0.10-win32-x86_64\bin\java.dll
0x00007fff30af0000 - 0x00007fff30b08000 	c:\Users\noir_\.vscode\extensions\redhat.java-1.27.0-win32-x64\jre\17.0.10-win32-x86_64\bin\zip.dll
0x00007fff5cea0000 - 0x00007fff5d6fb000 	C:\WINDOWS\System32\SHELL32.dll
0x00007fff59f50000 - 0x00007fff5a846000 	C:\WINDOWS\SYSTEM32\windows.storage.dll
0x00007fff5a880000 - 0x00007fff5a9be000 	C:\WINDOWS\SYSTEM32\wintypes.dll
0x00007fff5e170000 - 0x00007fff5e263000 	C:\WINDOWS\System32\SHCORE.dll
0x00007fff5d700000 - 0x00007fff5d75e000 	C:\WINDOWS\System32\shlwapi.dll
0x00007fff5c080000 - 0x00007fff5c0a6000 	C:\WINDOWS\SYSTEM32\profapi.dll
0x00007fff29c90000 - 0x00007fff29ca9000 	C:\Users\noir_\.vscode\extensions\redhat.java-1.27.0-win32-x64\jre\17.0.10-win32-x86_64\bin\net.dll
0x00007fff54e00000 - 0x00007fff54f37000 	C:\WINDOWS\SYSTEM32\WINHTTP.dll
0x00007fff5b610000 - 0x00007fff5b679000 	C:\WINDOWS\system32\mswsock.dll
0x00007fff298c0000 - 0x00007fff298d6000 	C:\Users\noir_\.vscode\extensions\redhat.java-1.27.0-win32-x64\jre\17.0.10-win32-x86_64\bin\nio.dll
0x00007fff38b00000 - 0x00007fff38b10000 	c:\Users\noir_\.vscode\extensions\redhat.java-1.27.0-win32-x64\jre\17.0.10-win32-x86_64\bin\verify.dll
0x00007fff39d40000 - 0x00007fff39d7e000 	C:\Users\noir_\AppData\Roaming\Code\User\globalStorage\redhat.java\1.27.0\config_ss_win\org.eclipse.equinox.launcher\org.eclipse.equinox.launcher.win32.win32.x86_64_1.2.900.v20240129-1338\eclipse_11900.dll
0x00007fff5ec20000 - 0x00007fff5edc0000 	C:\WINDOWS\System32\ole32.dll
0x00007fff5b870000 - 0x00007fff5b88b000 	C:\WINDOWS\SYSTEM32\CRYPTSP.dll
0x00007fff5b0f0000 - 0x00007fff5b125000 	C:\WINDOWS\system32\rsaenh.dll
0x00007fff5b700000 - 0x00007fff5b72c000 	C:\WINDOWS\SYSTEM32\USERENV.dll
0x00007fff5b860000 - 0x00007fff5b86c000 	C:\WINDOWS\SYSTEM32\CRYPTBASE.dll
0x00007fff5ac10000 - 0x00007fff5ac3d000 	C:\WINDOWS\SYSTEM32\IPHLPAPI.DLL
0x00007fff5e160000 - 0x00007fff5e169000 	C:\WINDOWS\System32\NSI.dll
0x00007fff54bf0000 - 0x00007fff54c09000 	C:\WINDOWS\SYSTEM32\dhcpcsvc6.DLL
0x00007fff54bd0000 - 0x00007fff54bef000 	C:\WINDOWS\SYSTEM32\dhcpcsvc.DLL
0x00007fff5ac80000 - 0x00007fff5ad79000 	C:\WINDOWS\SYSTEM32\DNSAPI.dll
0x00007fff395d0000 - 0x00007fff39615000 	C:\Users\noir_\AppData\Local\Temp\jna-104998645\jna13434664923236203380.dll
0x00007fff5e150000 - 0x00007fff5e158000 	C:\WINDOWS\System32\PSAPI.DLL

dbghelp: loaded successfully - version: 4.0.5 - missing functions: none
symbol engine: initialized successfully - sym options: 0x614 - pdb path: .;c:\Users\noir_\.vscode\extensions\redhat.java-1.27.0-win32-x64\jre\17.0.10-win32-x86_64\bin;C:\WINDOWS\SYSTEM32;C:\WINDOWS\WinSxS\amd64_microsoft.windows.common-controls_6595b64144ccf1df_6.0.22621.2506_none_270c5ae97388e100;c:\Users\noir_\.vscode\extensions\redhat.java-1.27.0-win32-x64\jre\17.0.10-win32-x86_64\bin\server;C:\Users\noir_\AppData\Roaming\Code\User\globalStorage\redhat.java\1.27.0\config_ss_win\org.eclipse.equinox.launcher\org.eclipse.equinox.launcher.win32.win32.x86_64_1.2.900.v20240129-1338;C:\Users\noir_\AppData\Local\Temp\jna-104998645

VM Arguments:
jvm_args: --add-modules=ALL-SYSTEM --add-opens=java.base/java.util=ALL-UNNAMED --add-opens=java.base/java.lang=ALL-UNNAMED --add-opens=java.base/sun.nio.fs=ALL-UNNAMED -Declipse.application=org.eclipse.jdt.ls.core.id1 -Dosgi.bundles.defaultStartLevel=4 -Declipse.product=org.eclipse.jdt.ls.core.product -Djava.import.generatesMetadataFilesAtProjectRoot=false -DDetectVMInstallationsJob.disabled=true -Dfile.encoding=utf8 -XX:+UseParallelGC -XX:GCTimeRatio=4 -XX:AdaptiveSizePolicyWeight=90 -Dsun.zip.disableMemoryMapping=true -Xmx1G -Xms100m -Xlog:disable -javaagent:c:\Users\noir_\.vscode\extensions\redhat.java-1.27.0-win32-x64\lombok\lombok-1.18.31.jar 
java_command: c:\Users\noir_\.vscode\extensions\redhat.java-1.27.0-win32-x64\server\plugins\org.eclipse.equinox.launcher_1.6.700.v20231214-2017.jar -configuration c:\Users\noir_\AppData\Roaming\Code\User\globalStorage\redhat.java\1.27.0\config_ss_win -data c:\Users\noir_\AppData\Roaming\Code\User\workspaceStorage\56730a31681e540ef937ae5023f4b58e\redhat.java\ss_ws --stdio
java_class_path (initial): c:\Users\noir_\.vscode\extensions\redhat.java-1.27.0-win32-x64\server\plugins\org.eclipse.equinox.launcher_1.6.700.v20231214-2017.jar
Launcher Type: SUN_STANDARD

[Global flags]
    uintx AdaptiveSizePolicyWeight                 = 90                                        {product} {command line}
     intx CICompilerCount                          = 4                                         {product} {ergonomic}
    uintx GCTimeRatio                              = 4                                         {product} {command line}
   size_t InitialHeapSize                          = 104857600                                 {product} {command line}
   size_t MaxHeapSize                              = 1073741824                                {product} {command line}
   size_t MaxNewSize                               = 357564416                                 {product} {ergonomic}
   size_t MinHeapDeltaBytes                        = 524288                                    {product} {ergonomic}
   size_t MinHeapSize                              = 104857600                                 {product} {command line}
   size_t NewSize                                  = 34603008                                  {product} {ergonomic}
    uintx NonNMethodCodeHeapSize                   = 5839372                                {pd product} {ergonomic}
    uintx NonProfiledCodeHeapSize                  = 122909434                              {pd product} {ergonomic}
   size_t OldSize                                  = 70254592                                  {product} {ergonomic}
    uintx ProfiledCodeHeapSize                     = 122909434                              {pd product} {ergonomic}
    uintx ReservedCodeCacheSize                    = 251658240                              {pd product} {ergonomic}
     bool SegmentedCodeCache                       = true                                      {product} {ergonomic}
   size_t SoftMaxHeapSize                          = 1073741824                             {manageable} {ergonomic}
     bool UseCompressedClassPointers               = true                           {product lp64_product} {ergonomic}
     bool UseCompressedOops                        = true                           {product lp64_product} {ergonomic}
     bool UseLargePagesIndividualAllocation        = false                                  {pd product} {ergonomic}
     bool UseParallelGC                            = true                                      {product} {command line}

Logging:
Log output configuration:
 #0: stdout all=off uptime,level,tags
 #1: stderr all=off uptime,level,tags

Environment Variables:
JAVA_HOME=C:\Program Files\Java\jdk-15.0.1
PATH=C:\Program Files\Common Files\Oracle\Java\javapath;C:\Program Files (x86)\Common Files\Oracle\Java\javapath;C:\Users\noir_\Documents;C:\Program Files (x86)\Intel\Intel(R) Management Engine Components\iCLS\;C:\Program Files\Intel\Intel(R) Management Engine Components\iCLS\;C:\Windows\system32;C:\Windows;C:\Windows\System32\Wbem;C:\Windows\System32\WindowsPowerShell\v1.0\;C:\Program Files (x86)\Intel\Intel(R) Management Engine Components\DAL;C:\Program Files\Intel\Intel(R) Management Engine Components\DAL;C:\Program Files (x86)\Intel\Intel(R) Management Engine Components\IPT;C:\Program Files\Intel\Intel(R) Management Engine Components\IPT;C:\WINDOWS\system32;C:\WINDOWS;C:\WINDOWS\System32\Wbem;C:\WINDOWS\System32\WindowsPowerShell\v1.0\;C:\WINDOWS\System32\OpenSSH\;C:\Program Files\Git\cmd;C:\Program Files\Java\jdk-15.0.1\bin;;C:\PROGRA~1\JPKI;C:\Program Files\dotnet\;C:\Program Files\NVIDIA Corporation\NVIDIA NvDLISR;C:\Program Files (x86)\NVIDIA Corporation\PhysX\Common;C:\Users\noir_\AppData\Local\Microsoft\WindowsApps;;C:\Users\noir_\AppData\Local\Programs\Microsoft VS Code\bin;C:\Program Files\JetBrains\IntelliJ IDEA 2020.2.1\bin;;C:\Program Files\JetBrains\IntelliJ IDEA Community Edition 2020.3.1\bin;
USERNAME=noir_
OS=Windows_NT
PROCESSOR_IDENTIFIER=Intel64 Family 6 Model 158 Stepping 10, GenuineIntel
TMP=C:\Users\noir_\AppData\Local\Temp
TEMP=C:\Users\noir_\AppData\Local\Temp



Periodic native trim disabled


---------------  S Y S T E M  ---------------

OS:
 Windows 11 , 64 bit Build 22621 (10.0.22621.3085)
OS uptime: 0 days 17:22 hours

CPU: total 12 (initial active 12) (6 cores per cpu, 2 threads per core) family 6 model 158 stepping 10 microcode 0xde, cx8, cmov, fxsr, ht, mmx, 3dnowpref, sse, sse2, sse3, ssse3, sse4.1, sse4.2, popcnt, lzcnt, tsc, tscinvbit, avx, avx2, aes, erms, clmul, bmi1, bmi2, rtm, adx, fma, vzeroupper, clflush, clflushopt
Processor Information for all 12 processors :
  Max Mhz: 3192, Current Mhz: 3192, Mhz Limit: 3192

Memory: 4k page, system-wide physical 32614M (7419M free)
TotalPageFile size 34662M (AvailPageFile size 4M)
current process WorkingSet (physical memory assigned to process): 159M, peak: 167M
current process commit charge ("private bytes"): 255M, peak: 265M

vm_info: OpenJDK 64-Bit Server VM (17.0.10+7) for windows-amd64 JRE (17.0.10+7), built on Jan 16 2024 23:25:11 by "admin" with MS VC++ 16.10 / 16.11 (VS2019)

END.
