#
# There is insufficient memory for the Java Runtime Environment to continue.
# Native memory allocation (mmap) failed to map 536870912 bytes for G1 virtual space
# Possible reasons:
#   The system is out of physical RAM or swap space
#   The process is running with CompressedOops enabled, and the Java Heap may be blocking the growth of the native heap
# Possible solutions:
#   Reduce memory load on the system
#   Increase physical memory or swap space
#   Check if swap backing store is full
#   Decrease Java heap size (-Xmx/-Xms)
#   Decrease number of Java threads
#   Decrease Java thread stack sizes (-Xss)
#   Set larger code cache with -XX:ReservedCodeCacheSize=
#   JVM is running with Zero Based Compressed Oops mode in which the Java heap is
#     placed in the first 32GB address space. The Java Heap base address is the
#     maximum limit for the native heap growth. Please use -XX:HeapBaseMinAddress
#     to set the Java Heap base and to place the Java Heap above 32GB virtual address.
# This output file may be truncated or incomplete.
#
#  Out of Memory Error (./open/src/hotspot/os/windows/os_windows.cpp:3472), pid=10412, tid=17692
#
# JRE version:  (15.0.1+9) (build )
# Java VM: Java HotSpot(TM) 64-Bit Server VM (15.0.1+9-18, mixed mode, sharing, tiered, compressed oops, g1 gc, windows-amd64)
# No core dump will be written. Minidumps are not enabled by default on client versions of Windows
#

---------------  S U M M A R Y ------------

Command Line: 

Host: Intel(R) Core(TM) i7-8700 CPU @ 3.20GHz, 12 cores, 31G,  Windows 10 , 64 bit Build 22621 (10.0.22621.3085)
Time: Sat Jan 27 13:45:42 2024 “Œ‹ž (•W€Žž) elapsed time: 0.072360 seconds (0d 0h 0m 0s)

---------------  T H R E A D  ---------------

Current thread (0x0000014fe8b50cd0):  JavaThread "Unknown thread" [_thread_in_vm, id=17692, stack(0x0000001ac6f00000,0x0000001ac7000000)]

Stack: [0x0000001ac6f00000,0x0000001ac7000000]
Native frames: (J=compiled Java code, j=interpreted, Vv=VM code, C=native code)
V  [jvm.dll+0x62ae9a]
V  [jvm.dll+0x781389]
V  [jvm.dll+0x782ae3]
V  [jvm.dll+0x783143]
V  [jvm.dll+0x216265]
V  [jvm.dll+0x6281d9]
V  [jvm.dll+0x61cd15]
V  [jvm.dll+0x2d01fd]
V  [jvm.dll+0x2d0062]
V  [jvm.dll+0x2d603c]
V  [jvm.dll+0x325b2a]
V  [jvm.dll+0x3251f4]
V  [jvm.dll+0x2a717a]
V  [jvm.dll+0x2a8318]
V  [jvm.dll+0x75e101]
V  [jvm.dll+0x3343e4]
V  [jvm.dll+0x73e826]
V  [jvm.dll+0x3b7777]
V  [jvm.dll+0x3b9201]
C  [jli.dll+0x52fb]
C  [ucrtbase.dll+0x29363]
C  [KERNEL32.DLL+0x1257d]
C  [ntdll.dll+0x5aa58]


---------------  P R O C E S S  ---------------

Threads class SMR info:
_java_thread_list=0x00007fffab714ff0, length=0, elements={
}

Java Threads: ( => current thread )

Other Threads:
  0x0000014fe8bc7d90 GCTaskThread "GC Thread#0" [stack: 0x0000000000000000,0x0000000000000000] [id=21280]
  0x0000014fe8bd8db0 ConcurrentGCThread "G1 Main Marker" [stack: 0x0000001ac7100000,0x0000001ac7200000] [id=29020]
  0x0000014fe8bda9b0 ConcurrentGCThread "G1 Conc#0" [stack: 0x0000001ac7200000,0x0000001ac7300000] [id=33672]

[error occurred during error reporting (printing all threads), id 0xc0000005, EXCEPTION_ACCESS_VIOLATION (0xc0000005) at pc=0x00007fffaaf08047]

VM state: not at safepoint (not fully initialized)

VM Mutex/Monitor currently owned by a thread:  ([mutex/lock_event])
[0x0000014fe8b4e260] Heap_lock - owner thread: 0x0000014fe8b50cd0

Heap address: 0x0000000602400000, size: 8156 MB, Compressed Oops mode: Zero based, Oop shift amount: 3
CDS archive(s) mapped at: [0x0000000000000000-0x0000000000000000-0x0000000000000000), size 0, SharedBaseAddress: 0x0000000800000000, ArchiveRelocationMode: 0.
Narrow klass base: 0x0000000000000000, Narrow klass shift: 0, Narrow klass range: 0x0

Heap:
 garbage-first heap   total 524288K, used 0K [0x0000000602400000, 0x0000000800000000)
  region size 4096K, 0 young (0K), 0 survivors (0K)
 Metaspace       used 0K, capacity 0K, committed 0K, reserved 0K
  class space    used 0K, capacity 0K, committed 0K, reserved 0K

Heap Regions: E=young(eden), S=young(survivor), O=old, HS=humongous(starts), HC=humongous(continues), CS=collection set, F=free, OA=open archive, CA=closed archive, TAMS=top-at-mark-start (previous, next)

Card table byte_map: [0x0000014f81320000,0x0000014f82310000] _byte_map_base: 0x0000014f7e30e000

Marking Bits (Prev, Next): (CMBitMap*) 0x0000014fe8bc8580, (CMBitMap*) 0x0000014fe8bc85c0
 Prev Bits: [0x0000014f83300000, 0x0000014f8b270000)
 Next Bits: [0x0000014f8b270000, 0x0000014f931e0000)

GC Heap History (0 events):
No events

Deoptimization events (0 events):
No events

Classes unloaded (0 events):
No events

Classes redefined (0 events):
No events

Internal exceptions (0 events):
No events

Events (1 events):
Event: 0.039 Loaded shared library C:\Program Files\Java\jdk-15.0.1\bin\java.dll


Dynamic libraries:
0x00007ff734dc0000 - 0x00007ff734dcf000 	C:\Program Files\Java\jdk-15.0.1\bin\java.exe
0x00007ff8451b0000 - 0x00007ff8453c7000 	C:\WINDOWS\SYSTEM32\ntdll.dll
0x00007ff8438b0000 - 0x00007ff843974000 	C:\WINDOWS\System32\KERNEL32.DLL
0x00007ff8428b0000 - 0x00007ff842c56000 	C:\WINDOWS\System32\KERNELBASE.dll
0x00007ff8426d0000 - 0x00007ff8427e1000 	C:\WINDOWS\System32\ucrtbase.dll
0x00007ff8177e0000 - 0x00007ff8177f8000 	C:\Program Files\Java\jdk-15.0.1\bin\jli.dll
0x00007ff843000000 - 0x00007ff8430b3000 	C:\WINDOWS\System32\ADVAPI32.dll
0x00007ff8430c0000 - 0x00007ff843167000 	C:\WINDOWS\System32\msvcrt.dll
0x00007ff843170000 - 0x00007ff843218000 	C:\WINDOWS\System32\sechost.dll
0x00007ff842e50000 - 0x00007ff842e78000 	C:\WINDOWS\System32\bcrypt.dll
0x00007ff80e6f0000 - 0x00007ff80e709000 	C:\Program Files\Java\jdk-15.0.1\bin\VCRUNTIME140.dll
0x00007ff8433d0000 - 0x00007ff8434e7000 	C:\WINDOWS\System32\RPCRT4.dll
0x00007ff844710000 - 0x00007ff8448be000 	C:\WINDOWS\System32\USER32.dll
0x00007ff842e20000 - 0x00007ff842e46000 	C:\WINDOWS\System32\win32u.dll
0x00007ff845140000 - 0x00007ff845169000 	C:\WINDOWS\System32\GDI32.dll
0x00007ff842c60000 - 0x00007ff842d78000 	C:\WINDOWS\System32\gdi32full.dll
0x00007ff842d80000 - 0x00007ff842e1a000 	C:\WINDOWS\System32\msvcp_win.dll
0x00007ff830470000 - 0x00007ff830703000 	C:\WINDOWS\WinSxS\amd64_microsoft.windows.common-controls_6595b64144ccf1df_6.0.22621.2506_none_270c5ae97388e100\COMCTL32.dll
0x00007ff83beb0000 - 0x00007ff83beba000 	C:\WINDOWS\SYSTEM32\VERSION.dll
0x00007ff844d80000 - 0x00007ff844db1000 	C:\WINDOWS\System32\IMM32.DLL
0x00007ff827cf0000 - 0x00007ff827cfc000 	C:\Program Files\Java\jdk-15.0.1\bin\vcruntime140_1.dll
0x00007fffb0730000 - 0x00007fffb07c1000 	C:\Program Files\Java\jdk-15.0.1\bin\msvcp140.dll
0x00007fffaac50000 - 0x00007fffab7ae000 	C:\Program Files\Java\jdk-15.0.1\bin\server\jvm.dll
0x00007ff8433c0000 - 0x00007ff8433c8000 	C:\WINDOWS\System32\PSAPI.DLL
0x00007ff83adb0000 - 0x00007ff83adb9000 	C:\WINDOWS\SYSTEM32\WSOCK32.dll
0x00007ff844ea0000 - 0x00007ff844f11000 	C:\WINDOWS\System32\WS2_32.dll
0x00007ff83c610000 - 0x00007ff83c644000 	C:\WINDOWS\SYSTEM32\WINMM.dll
0x00007ff841530000 - 0x00007ff841548000 	C:\WINDOWS\SYSTEM32\kernel.appcore.dll
0x00007ff826830000 - 0x00007ff82683a000 	C:\Program Files\Java\jdk-15.0.1\bin\jimage.dll
0x00007ff83fd50000 - 0x00007ff83ff83000 	C:\WINDOWS\SYSTEM32\DBGHELP.DLL
0x00007ff843500000 - 0x00007ff843889000 	C:\WINDOWS\System32\combase.dll
0x00007ff844dc0000 - 0x00007ff844e97000 	C:\WINDOWS\System32\OLEAUT32.dll
0x00007ff83b460000 - 0x00007ff83b492000 	C:\WINDOWS\SYSTEM32\dbgcore.DLL
0x00007ff842e80000 - 0x00007ff842efa000 	C:\WINDOWS\System32\bcryptPrimitives.dll
0x00007ff802110000 - 0x00007ff802135000 	C:\Program Files\Java\jdk-15.0.1\bin\java.dll

dbghelp: loaded successfully - version: 4.0.5 - missing functions: none
symbol engine: initialized successfully - sym options: 0x614 - pdb path: .;C:\Program Files\Java\jdk-15.0.1\bin;C:\WINDOWS\SYSTEM32;C:\WINDOWS\WinSxS\amd64_microsoft.windows.common-controls_6595b64144ccf1df_6.0.22621.2506_none_270c5ae97388e100;C:\Program Files\Java\jdk-15.0.1\bin\server

VM Arguments:
java_command: <unknown>
java_class_path (initial): <not set>
Launcher Type: SUN_STANDARD

[Global flags]
     intx CICompilerCount                          = 4                                         {product} {ergonomic}
     uint ConcGCThreads                            = 3                                         {product} {ergonomic}
     uint G1ConcRefinementThreads                  = 10                                        {product} {ergonomic}
   size_t G1HeapRegionSize                         = 4194304                                   {product} {ergonomic}
    uintx GCDrainStackTargetSize                   = 64                                        {product} {ergonomic}
   size_t InitialHeapSize                          = 536870912                                 {product} {ergonomic}
   size_t MarkStackSize                            = 4194304                                   {product} {ergonomic}
   size_t MaxHeapSize                              = 8552185856                                {product} {ergonomic}
   size_t MinHeapDeltaBytes                        = 4194304                                   {product} {ergonomic}
   size_t MinHeapSize                              = 8388608                                   {product} {ergonomic}
    uintx NonNMethodCodeHeapSize                   = 5839372                                {pd product} {ergonomic}
    uintx NonProfiledCodeHeapSize                  = 122909434                              {pd product} {ergonomic}
    uintx ProfiledCodeHeapSize                     = 122909434                              {pd product} {ergonomic}
    uintx ReservedCodeCacheSize                    = 251658240                              {pd product} {ergonomic}
     bool SegmentedCodeCache                       = true                                      {product} {ergonomic}
   size_t SoftMaxHeapSize                          = 8552185856                             {manageable} {ergonomic}
     bool UseCompressedClassPointers               = true                                 {lp64_product} {ergonomic}
     bool UseCompressedOops                        = true                                 {lp64_product} {ergonomic}
     bool UseG1GC                                  = true                                      {product} {ergonomic}
     bool UseLargePagesIndividualAllocation        = false                                  {pd product} {ergonomic}

Logging:
Log output configuration:
 #0: stdout all=warning uptime,level,tags
 #1: stderr all=off uptime,level,tags

Environment Variables:
PATH=C:\Program Files\Common Files\Oracle\Java\javapath;C:\Program Files (x86)\Common Files\Oracle\Java\javapath;C:\Users\noir_\Documents;C:\Program Files (x86)\Intel\Intel(R) Management Engine Components\iCLS\;C:\Program Files\Intel\Intel(R) Management Engine Components\iCLS\;C:\Windows\system32;C:\Windows;C:\Windows\System32\Wbem;C:\Windows\System32\WindowsPowerShell\v1.0\;C:\Program Files (x86)\Intel\Intel(R) Management Engine Components\DAL;C:\Program Files\Intel\Intel(R) Management Engine Components\DAL;C:\Program Files (x86)\Intel\Intel(R) Management Engine Components\IPT;C:\Program Files\Intel\Intel(R) Management Engine Components\IPT;C:\WINDOWS\system32;C:\WINDOWS;C:\WINDOWS\System32\Wbem;C:\WINDOWS\System32\WindowsPowerShell\v1.0\;C:\WINDOWS\System32\OpenSSH\;C:\Program Files\Git\cmd;C:\Program Files\Java\jdk-15.0.1\bin;;C:\PROGRA~1\JPKI;C:\Program Files\dotnet\;C:\Program Files\NVIDIA Corporation\NVIDIA NvDLISR;C:\Program Files (x86)\NVIDIA Corporation\PhysX\Common;C:\Users\noir_\AppData\Local\Microsoft\WindowsApps;;C:\Users\noir_\AppData\Local\Programs\Microsoft VS Code\bin;C:\Program Files\JetBrains\IntelliJ IDEA 2020.2.1\bin;;C:\Program Files\JetBrains\IntelliJ IDEA Community Edition 2020.3.1\bin;
USERNAME=noir_



---------------  S Y S T E M  ---------------

OS:
 Windows 10 , 64 bit Build 22621 (10.0.22621.3085)
OS uptime: 1 days 13:35 hours

CPU: total 12 (initial active 12) (6 cores per cpu, 2 threads per core) family 6 model 158 stepping 10 microcode 0xde, cmov, cx8, fxsr, mmx, sse, sse2, sse3, ssse3, sse4.1, sse4.2, popcnt, vzeroupper, avx, avx2, aes, clmul, erms, rtm, 3dnowpref, lzcnt, ht, tsc, tscinvbit, bmi1, bmi2, adx, fma, clflush, clflushopt

Memory: 4k page, system-wide physical 32614M (8550M free)
TotalPageFile size 34662M (AvailPageFile size 139M)
current process WorkingSet (physical memory assigned to process): 11M, peak: 11M
current process commit charge ("private bytes"): 64M, peak: 576M

vm_info: Java HotSpot(TM) 64-Bit Server VM (15.0.1+9-18) for windows-amd64 JRE (15.0.1+9-18), built on Sep 15 2020 14:43:54 by "mach5one" with unknown MS VC++:1925

END.
