#
# There is insufficient memory for the Java Runtime Environment to continue.
# Native memory allocation (malloc) failed to allocate 240816 bytes for Chunk::new
# Possible reasons:
#   The system is out of physical RAM or swap space
#   The process is running with CompressedOops enabled, and the Java Heap may be blocking the growth of the native heap
# Possible solutions:
#   Reduce memory load on the system
#   Increase physical memory or swap space
#   Check if swap backing store is full
#   Decrease Java heap size (-Xmx/-Xms)
#   Decrease number of Java threads
#   Decrease Java thread stack sizes (-Xss)
#   Set larger code cache with -XX:ReservedCodeCacheSize=
#   JVM is running with Unscaled Compressed Oops mode in which the Java heap is
#     placed in the first 4GB address space. The Java Heap base address is the
#     maximum limit for the native heap growth. Please use -XX:HeapBaseMinAddress
#     to set the Java Heap base and to place the Java Heap above 4GB virtual address.
# This output file may be truncated or incomplete.
#
#  Out of Memory Error (arena.cpp:191), pid=16024, tid=7404
#
# JRE version: OpenJDK Runtime Environment Temurin-17.0.10+7 (17.0.10+7) (build 17.0.10+7)
# Java VM: OpenJDK 64-Bit Server VM Temurin-17.0.10+7 (17.0.10+7, mixed mode, tiered, compressed oops, compressed class ptrs, parallel gc, windows-amd64)
# No core dump will be written. Minidumps are not enabled by default on client versions of Windows
#

---------------  S U M M A R Y ------------

Command Line: --add-modules=ALL-SYSTEM --add-opens=java.base/java.util=ALL-UNNAMED --add-opens=java.base/java.lang=ALL-UNNAMED --add-opens=java.base/sun.nio.fs=ALL-UNNAMED -Declipse.application=org.eclipse.jdt.ls.core.id1 -Dosgi.bundles.defaultStartLevel=4 -Declipse.product=org.eclipse.jdt.ls.core.product -Djava.import.generatesMetadataFilesAtProjectRoot=false -DDetectVMInstallationsJob.disabled=true -Dfile.encoding=utf8 -XX:+UseParallelGC -XX:GCTimeRatio=4 -XX:AdaptiveSizePolicyWeight=90 -Dsun.zip.disableMemoryMapping=true -Xmx1G -Xms100m -Xlog:disable -javaagent:c:\Users\noir_\.vscode\extensions\redhat.java-1.27.0-win32-x64\lombok\lombok-1.18.31.jar -XX:+HeapDumpOnOutOfMemoryError -XX:HeapDumpPath=c:\Users\noir_\AppData\Roaming\Code\User\workspaceStorage\56730a31681e540ef937ae5023f4b58e\redhat.java -Daether.dependencyCollector.impl=bf c:\Users\noir_\.vscode\extensions\redhat.java-1.27.0-win32-x64\server\plugins\org.eclipse.equinox.launcher_1.6.700.v20231214-2017.jar -configuration c:\Users\noir_\AppData\Roaming\Code\User\globalStorage\redhat.java\1.27.0\config_win -data c:\Users\noir_\AppData\Roaming\Code\User\workspaceStorage\56730a31681e540ef937ae5023f4b58e\redhat.java\jdt_ws --stdio

Host: Intel(R) Core(TM) i7-8700 CPU @ 3.20GHz, 12 cores, 31G,  Windows 11 , 64 bit Build 22621 (10.0.22621.3085)
Time: Sat Feb 10 08:55:37 2024  Windows 11 , 64 bit Build 22621 (10.0.22621.3085) elapsed time: 0.686736 seconds (0d 0h 0m 0s)

---------------  T H R E A D  ---------------

Current thread (0x00000264cba67d80):  JavaThread "C2 CompilerThread0" daemon [_thread_in_native, id=7404, stack(0x000000baf1e00000,0x000000baf1f00000)]


Current CompileTask:
C2:    686  499       4       lombok.patcher.PatchScript::classMatches (41 bytes)

Stack: [0x000000baf1e00000,0x000000baf1f00000]
Native frames: (J=compiled Java code, j=interpreted, Vv=VM code, C=native code)
V  [jvm.dll+0x67d2c9]
V  [jvm.dll+0x834afa]
V  [jvm.dll+0x8365be]
V  [jvm.dll+0x836c23]
V  [jvm.dll+0x2477ff]
V  [jvm.dll+0xac514]
V  [jvm.dll+0xacb5c]
V  [jvm.dll+0x2aed1f]
V  [jvm.dll+0x584b67]
V  [jvm.dll+0x2228a2]
V  [jvm.dll+0x222c8f]
V  [jvm.dll+0x21bdb6]
V  [jvm.dll+0x219201]
V  [jvm.dll+0x1a502d]
V  [jvm.dll+0x2290de]
V  [jvm.dll+0x2272ac]
V  [jvm.dll+0x7e9bb7]
V  [jvm.dll+0x7e3fba]
V  [jvm.dll+0x67c1b5]
C  [ucrtbase.dll+0x29363]
C  [KERNEL32.DLL+0x1257d]
C  [ntdll.dll+0x5aa58]


---------------  P R O C E S S  ---------------

Threads class SMR info:
_java_thread_list=0x00000264cd10c6f0, length=14, elements={
0x00000264b0ae0260, 0x00000264c68c7020, 0x00000264c68c8a00, 0x00000264cba65010,
0x00000264cba65ae0, 0x00000264cba665b0, 0x00000264cba67080, 0x00000264cba67d80,
0x00000264cba70e60, 0x00000264cba79760, 0x00000264cbb5b010, 0x00000264cbcb72b0,
0x00000264cd1b64e0, 0x00000264cd273060
}

Java Threads: ( => current thread )
  0x00000264b0ae0260 JavaThread "main" [_thread_in_vm, id=26632, stack(0x000000baf1500000,0x000000baf1600000)]
  0x00000264c68c7020 JavaThread "Reference Handler" daemon [_thread_blocked, id=11188, stack(0x000000baf1800000,0x000000baf1900000)]
  0x00000264c68c8a00 JavaThread "Finalizer" daemon [_thread_blocked, id=18320, stack(0x000000baf1900000,0x000000baf1a00000)]
  0x00000264cba65010 JavaThread "Signal Dispatcher" daemon [_thread_blocked, id=5984, stack(0x000000baf1a00000,0x000000baf1b00000)]
  0x00000264cba65ae0 JavaThread "Attach Listener" daemon [_thread_blocked, id=16016, stack(0x000000baf1b00000,0x000000baf1c00000)]
  0x00000264cba665b0 JavaThread "Service Thread" daemon [_thread_blocked, id=7344, stack(0x000000baf1c00000,0x000000baf1d00000)]
  0x00000264cba67080 JavaThread "Monitor Deflation Thread" daemon [_thread_blocked, id=9372, stack(0x000000baf1d00000,0x000000baf1e00000)]
=>0x00000264cba67d80 JavaThread "C2 CompilerThread0" daemon [_thread_in_native, id=7404, stack(0x000000baf1e00000,0x000000baf1f00000)]
  0x00000264cba70e60 JavaThread "C1 CompilerThread0" daemon [_thread_in_native, id=6436, stack(0x000000baf1f00000,0x000000baf2000000)]
  0x00000264cba79760 JavaThread "Sweeper thread" daemon [_thread_blocked, id=20992, stack(0x000000baf2000000,0x000000baf2100000)]
  0x00000264cbb5b010 JavaThread "Common-Cleaner" daemon [_thread_blocked, id=9796, stack(0x000000baf2100000,0x000000baf2200000)]
  0x00000264cbcb72b0 JavaThread "C2 CompilerThread1" daemon [_thread_in_native, id=8088, stack(0x000000baf2200000,0x000000baf2300000)]
  0x00000264cd1b64e0 JavaThread "Notification Thread" daemon [_thread_blocked, id=31680, stack(0x000000baf2300000,0x000000baf2400000)]
  0x00000264cd273060 JavaThread "C2 CompilerThread2" daemon [_thread_in_native, id=8876, stack(0x000000baf2500000,0x000000baf2600000)]

Other Threads:
  0x00000264b0b8e7b0 VMThread "VM Thread" [stack: 0x000000baf1700000,0x000000baf1800000] [id=34072]
  0x00000264cd102f10 WatcherThread [stack: 0x000000baf2400000,0x000000baf2500000] [id=13828]
  0x00000264b0af4e70 GCTaskThread "GC Thread#0" [stack: 0x000000baf1600000,0x000000baf1700000] [id=32024]

Threads with active compile tasks:
C2 CompilerThread0      726  499       4       lombok.patcher.PatchScript::classMatches (41 bytes)
C1 CompilerThread0      726  524   !   3       java.lang.String::<init> (843 bytes)
C2 CompilerThread1      726  512       4       java.math.BigInteger::destructiveMulAdd (150 bytes)
C2 CompilerThread2      726  500       4       lombok.patcher.scripts.MethodLevelPatchScript::patch (21 bytes)

VM state: not at safepoint (normal execution)

VM Mutex/Monitor currently owned by a thread:  ([mutex/lock_event])
[0x00000264b0adaef0] Metaspace_lock - owner thread: 0x00000264b0ae0260

Heap address: 0x00000000c0000000, size: 1024 MB, Compressed Oops mode: 32-bit

CDS archive(s) not mapped
Compressed class space mapped at: 0x0000000100000000-0x0000000140000000, reserved size: 1073741824
Narrow klass base: 0x0000000000000000, Narrow klass shift: 3, Narrow klass range: 0x140000000

GC Precious Log:
 CPUs: 12 total, 12 available
 Memory: 32614M
 Large Page Support: Disabled
 NUMA Support: Disabled
 Compressed Oops: Enabled (32-bit)
 Alignments: Space 512K, Generation 512K, Heap 2M
 Heap Min Capacity: 100M
 Heap Initial Capacity: 100M
 Heap Max Capacity: 1G
 Pre-touch: Disabled
 Parallel Workers: 10

Heap:
 PSYoungGen      total 29696K, used 11768K [0x00000000eab00000, 0x00000000ecc00000, 0x0000000100000000)
  eden space 25600K, 45% used [0x00000000eab00000,0x00000000eb67e048,0x00000000ec400000)
  from space 4096K, 0% used [0x00000000ec800000,0x00000000ec800000,0x00000000ecc00000)
  to   space 4096K, 0% used [0x00000000ec400000,0x00000000ec400000,0x00000000ec800000)
 ParOldGen       total 68608K, used 0K [0x00000000c0000000, 0x00000000c4300000, 0x00000000eab00000)
  object space 68608K, 0% used [0x00000000c0000000,0x00000000c0000000,0x00000000c4300000)
 Metaspace       used 8352K, committed 8448K, reserved 1114112K
  class space    used 816K, committed 896K, reserved 1048576K

Card table byte_map: [0x00000264c4160000,0x00000264c4370000] _byte_map_base: 0x00000264c3b60000

Marking Bits: (ParMarkBitMap*) 0x00007ffc3d5ad7d0
 Begin Bits: [0x00000264c44d0000, 0x00000264c54d0000)
 End Bits:   [0x00000264c54d0000, 0x00000264c64d0000)

Polling page: 0x00000264b0b90000

Metaspace:

Usage:
  Non-class:      7.36 MB used.
      Class:    816.38 KB used.
       Both:      8.16 MB used.

Virtual space:
  Non-class space:       64.00 MB reserved,       7.38 MB ( 12%) committed,  1 nodes.
      Class space:        1.00 GB reserved,     896.00 KB ( <1%) committed,  1 nodes.
             Both:        1.06 GB reserved,       8.25 MB ( <1%) committed. 

Chunk freelists:
   Non-Class:  8.00 MB
       Class:  15.09 MB
        Both:  23.09 MB

MaxMetaspaceSize: unlimited
CompressedClassSpaceSize: 1.00 GB
Initial GC threshold: 21.00 MB
Current GC threshold: 21.00 MB
CDS: off
MetaspaceReclaimPolicy: balanced
 - commit_granule_bytes: 65536.
 - commit_granule_words: 8192.
 - virtual_space_node_default_size: 8388608.
 - enlarge_chunks_in_place: 1.
 - new_chunks_are_fully_committed: 0.
 - uncommit_free_chunks: 1.
 - use_allocation_guard: 0.
 - handle_deallocations: 1.


Internal statistics:

num_allocs_failed_limit: 0.
num_arena_births: 10.
num_arena_deaths: 0.
num_vsnodes_births: 2.
num_vsnodes_deaths: 0.
num_space_committed: 132.
num_space_uncommitted: 0.
num_chunks_returned_to_freelist: 0.
num_chunks_taken_from_freelist: 41.
num_chunk_merges: 0.
num_chunk_splits: 23.
num_chunks_enlarged: 22.
num_inconsistent_stats: 0.

CodeHeap 'non-profiled nmethods': size=120000Kb used=182Kb max_used=182Kb free=119817Kb
 bounds [0x00000264bca50000, 0x00000264bccc0000, 0x00000264c3f80000]
CodeHeap 'profiled nmethods': size=120000Kb used=755Kb max_used=755Kb free=119244Kb
 bounds [0x00000264b4f80000, 0x00000264b51f0000, 0x00000264bc4b0000]
CodeHeap 'non-nmethods': size=5760Kb used=1131Kb max_used=1153Kb free=4628Kb
 bounds [0x00000264bc4b0000, 0x00000264bc720000, 0x00000264bca50000]
 total_blobs=939 nmethods=520 adapters=334
 compilation: enabled
              stopped_count=0, restarted_count=0
 full_count=0

Compilation events (20 events):
Event: 0.673 Thread 0x00000264cba70e60  517       1       java.math.BigInteger::signum (5 bytes)
Event: 0.673 Thread 0x00000264cba70e60 nmethod 517 0x00000264bca7b690 code [0x00000264bca7b820, 0x00000264bca7b8f8]
Event: 0.677 Thread 0x00000264cbcb72b0 nmethod 498 0x00000264bca7b990 code [0x00000264bca7bb60, 0x00000264bca7c1f8]
Event: 0.677 Thread 0x00000264cbcb72b0  512       4       java.math.BigInteger::destructiveMulAdd (150 bytes)
Event: 0.678 Thread 0x00000264cd273060 nmethod 510 0x00000264bca7c610 code [0x00000264bca7c780, 0x00000264bca7c938]
Event: 0.678 Thread 0x00000264cd273060  505       4       java.lang.CharacterData::of (136 bytes)
Event: 0.678 Thread 0x00000264cd273060 nmethod 505 0x00000264bca7ca10 code [0x00000264bca7cb80, 0x00000264bca7cbf8]
Event: 0.678 Thread 0x00000264cd273060  507       4       java.lang.CharacterDataLatin1::digit (32 bytes)
Event: 0.679 Thread 0x00000264cba70e60  518       3       java.util.regex.Pattern::isSupplementary (21 bytes)
Event: 0.679 Thread 0x00000264cd273060 nmethod 507 0x00000264bca7cd10 code [0x00000264bca7cea0, 0x00000264bca7cf98]
Event: 0.679 Thread 0x00000264cd273060  511       4       java.lang.Character::digit (6 bytes)
Event: 0.679 Thread 0x00000264cba70e60 nmethod 518 0x00000264b5039f10 code [0x00000264b503a0c0, 0x00000264b503a338]
Event: 0.679 Thread 0x00000264cba70e60  519       3       java.lang.Character::isSurrogate (18 bytes)
Event: 0.679 Thread 0x00000264cba70e60 nmethod 519 0x00000264b503a410 code [0x00000264b503a5a0, 0x00000264b503a738]
Event: 0.680 Thread 0x00000264cba70e60  521   !   3       java.lang.invoke.MemberName::getMethodType (211 bytes)
Event: 0.680 Thread 0x00000264cd273060 nmethod 511 0x00000264bca7d490 code [0x00000264bca7d620, 0x00000264bca7d738]
Event: 0.680 Thread 0x00000264cd273060  500       4       lombok.patcher.scripts.MethodLevelPatchScript::patch (21 bytes)
Event: 0.681 Thread 0x00000264cba70e60 nmethod 521 0x00000264b503a810 code [0x00000264b503ab00, 0x00000264b503bfb8]
Event: 0.681 Thread 0x00000264cba70e60  522       3       java.util.regex.Pattern::peek (26 bytes)
Event: 0.681 Thread 0x00000264cba70e60 nmethod 522 0x00000264b503c590 code [0x00000264b503c740, 0x00000264b503c9a8]

GC Heap History (0 events):
No events

Dll operation events (8 events):
Event: 0.012 Loaded shared library c:\Users\noir_\.vscode\extensions\redhat.java-1.27.0-win32-x64\jre\17.0.10-win32-x86_64\bin\java.dll
Event: 0.273 Loaded shared library c:\Users\noir_\.vscode\extensions\redhat.java-1.27.0-win32-x64\jre\17.0.10-win32-x86_64\bin\zip.dll
Event: 0.285 Loaded shared library C:\Users\noir_\.vscode\extensions\redhat.java-1.27.0-win32-x64\jre\17.0.10-win32-x86_64\bin\instrument.dll
Event: 0.301 Loaded shared library C:\Users\noir_\.vscode\extensions\redhat.java-1.27.0-win32-x64\jre\17.0.10-win32-x86_64\bin\net.dll
Event: 0.303 Loaded shared library C:\Users\noir_\.vscode\extensions\redhat.java-1.27.0-win32-x64\jre\17.0.10-win32-x86_64\bin\nio.dll
Event: 0.311 Loaded shared library C:\Users\noir_\.vscode\extensions\redhat.java-1.27.0-win32-x64\jre\17.0.10-win32-x86_64\bin\zip.dll
Event: 0.342 Loaded shared library C:\Users\noir_\.vscode\extensions\redhat.java-1.27.0-win32-x64\jre\17.0.10-win32-x86_64\bin\jimage.dll
Event: 0.433 Loaded shared library c:\Users\noir_\.vscode\extensions\redhat.java-1.27.0-win32-x64\jre\17.0.10-win32-x86_64\bin\verify.dll

Deoptimization events (20 events):
Event: 0.633 Thread 0x00000264b0ae0260 Uncommon trap: trap_request=0xffffffde fr.pc=0x00000264bca77944 relative=0x0000000000000124
Event: 0.633 Thread 0x00000264b0ae0260 Uncommon trap: reason=class_check action=maybe_recompile pc=0x00000264bca77944 method=jdk.internal.misc.Unsafe.allocateUninitializedArray(Ljava/lang/Class;I)Ljava/lang/Object; @ 51 c2
Event: 0.633 Thread 0x00000264b0ae0260 DEOPT PACKING pc=0x00000264bca77944 sp=0x000000baf15fac40
Event: 0.633 Thread 0x00000264b0ae0260 DEOPT UNPACKING pc=0x00000264bc5066a3 sp=0x000000baf15fabc8 mode 2
Event: 0.633 Thread 0x00000264b0ae0260 Uncommon trap: trap_request=0xffffffde fr.pc=0x00000264bca77944 relative=0x0000000000000124
Event: 0.633 Thread 0x00000264b0ae0260 Uncommon trap: reason=class_check action=maybe_recompile pc=0x00000264bca77944 method=jdk.internal.misc.Unsafe.allocateUninitializedArray(Ljava/lang/Class;I)Ljava/lang/Object; @ 51 c2
Event: 0.633 Thread 0x00000264b0ae0260 DEOPT PACKING pc=0x00000264bca77944 sp=0x000000baf15fac40
Event: 0.633 Thread 0x00000264b0ae0260 DEOPT UNPACKING pc=0x00000264bc5066a3 sp=0x000000baf15fabc8 mode 2
Event: 0.633 Thread 0x00000264b0ae0260 Uncommon trap: trap_request=0xffffffde fr.pc=0x00000264bca77944 relative=0x0000000000000124
Event: 0.633 Thread 0x00000264b0ae0260 Uncommon trap: reason=class_check action=maybe_recompile pc=0x00000264bca77944 method=jdk.internal.misc.Unsafe.allocateUninitializedArray(Ljava/lang/Class;I)Ljava/lang/Object; @ 51 c2
Event: 0.633 Thread 0x00000264b0ae0260 DEOPT PACKING pc=0x00000264bca77944 sp=0x000000baf15fac80
Event: 0.633 Thread 0x00000264b0ae0260 DEOPT UNPACKING pc=0x00000264bc5066a3 sp=0x000000baf15fac08 mode 2
Event: 0.640 Thread 0x00000264b0ae0260 Uncommon trap: trap_request=0xffffff45 fr.pc=0x00000264bca66344 relative=0x00000000000000c4
Event: 0.640 Thread 0x00000264b0ae0260 Uncommon trap: reason=unstable_if action=reinterpret pc=0x00000264bca66344 method=java.net.URI.match(CJJ)Z @ 45 c2
Event: 0.640 Thread 0x00000264b0ae0260 DEOPT PACKING pc=0x00000264bca66344 sp=0x000000baf15fc840
Event: 0.640 Thread 0x00000264b0ae0260 DEOPT UNPACKING pc=0x00000264bc5066a3 sp=0x000000baf15fc7c8 mode 2
Event: 0.664 Thread 0x00000264b0ae0260 Uncommon trap: trap_request=0xffffff45 fr.pc=0x00000264bca795ac relative=0x000000000000062c
Event: 0.664 Thread 0x00000264b0ae0260 Uncommon trap: reason=unstable_if action=reinterpret pc=0x00000264bca795ac method=java.lang.String.replace(Ljava/lang/CharSequence;Ljava/lang/CharSequence;)Ljava/lang/String; @ 48 c2
Event: 0.664 Thread 0x00000264b0ae0260 DEOPT PACKING pc=0x00000264bca795ac sp=0x000000baf15fc7c0
Event: 0.664 Thread 0x00000264b0ae0260 DEOPT UNPACKING pc=0x00000264bc5066a3 sp=0x000000baf15fc730 mode 2

Classes unloaded (0 events):
No events

Classes redefined (0 events):
No events

Internal exceptions (2 events):
Event: 0.238 Thread 0x00000264b0ae0260 Exception <a 'java/lang/NoSuchMethodError'{0x00000000eac44c20}: 'void java.lang.invoke.DirectMethodHandle$Holder.invokeStatic(java.lang.Object, java.lang.Object, java.lang.Object)'> (0x00000000eac44c20) 
thrown [s\src\hotspot\share\interpreter\linkResolver.cpp, line 759]
Event: 0.466 Thread 0x00000264b0ae0260 Exception <a 'java/lang/reflect/InvocationTargetException'{0x00000000eb00afe8}> (0x00000000eb00afe8) 
thrown [s\src\hotspot\share\runtime\reflection.cpp, line 1121]

VM Operations (4 events):
Event: 0.246 Executing VM operation: HandshakeAllThreads
Event: 0.246 Executing VM operation: HandshakeAllThreads done
Event: 0.366 Executing VM operation: HandshakeAllThreads
Event: 0.366 Executing VM operation: HandshakeAllThreads done

Events (20 events):
Event: 0.679 loading class java/util/regex/CharPredicates done
Event: 0.680 loading class java/util/regex/Pattern$BnM
Event: 0.680 loading class java/util/regex/Pattern$BnM done
Event: 0.680 loading class java/util/regex/Pattern$SliceS
Event: 0.680 loading class java/util/regex/Pattern$SliceS done
Event: 0.681 loading class sun/security/util/DisabledAlgorithmConstraints$DenyAfterConstraint
Event: 0.681 loading class sun/security/util/DisabledAlgorithmConstraints$DenyAfterConstraint done
Event: 0.681 loading class java/time/ZoneId
Event: 0.681 loading class java/time/ZoneId done
Event: 0.681 loading class java/time/ZoneOffset
Event: 0.681 loading class java/time/temporal/TemporalAccessor
Event: 0.681 loading class java/time/temporal/TemporalAccessor done
Event: 0.681 loading class java/time/temporal/TemporalAdjuster
Event: 0.682 loading class java/time/temporal/TemporalAdjuster done
Event: 0.682 loading class java/time/ZoneOffset done
Event: 0.683 loading class java/time/ZoneRegion
Event: 0.683 loading class java/time/ZoneRegion done
Event: 0.683 loading class java/time/zone/ZoneRules
Event: 0.683 loading class java/time/zone/ZoneRules done
Event: 0.684 loading class java/time/zone/ZoneOffsetTransitionRule


Dynamic libraries:
0x00007ff77a090000 - 0x00007ff77a09e000 	c:\Users\noir_\.vscode\extensions\redhat.java-1.27.0-win32-x64\jre\17.0.10-win32-x86_64\bin\java.exe
0x00007ffcdced0000 - 0x00007ffcdd0e7000 	C:\WINDOWS\SYSTEM32\ntdll.dll
0x00007ffcdb930000 - 0x00007ffcdb9f4000 	C:\WINDOWS\System32\KERNEL32.DLL
0x00007ffcda390000 - 0x00007ffcda736000 	C:\WINDOWS\System32\KERNELBASE.dll
0x00007ffcda740000 - 0x00007ffcda851000 	C:\WINDOWS\System32\ucrtbase.dll
0x00007ffcd1b00000 - 0x00007ffcd1b17000 	c:\Users\noir_\.vscode\extensions\redhat.java-1.27.0-win32-x64\jre\17.0.10-win32-x86_64\bin\jli.dll
0x00007ffcdb1a0000 - 0x00007ffcdb34e000 	C:\WINDOWS\System32\USER32.dll
0x00007ffcda360000 - 0x00007ffcda386000 	C:\WINDOWS\System32\win32u.dll
0x00007ffcdbb40000 - 0x00007ffcdbb69000 	C:\WINDOWS\System32\GDI32.dll
0x00007ffcda860000 - 0x00007ffcda978000 	C:\WINDOWS\System32\gdi32full.dll
0x00007ffcda2c0000 - 0x00007ffcda35a000 	C:\WINDOWS\System32\msvcp_win.dll
0x00007ffcc7b10000 - 0x00007ffcc7da3000 	C:\WINDOWS\WinSxS\amd64_microsoft.windows.common-controls_6595b64144ccf1df_6.0.22621.2506_none_270c5ae97388e100\COMCTL32.dll
0x00007ffcdccc0000 - 0x00007ffcdcd67000 	C:\WINDOWS\System32\msvcrt.dll
0x00007ffcab860000 - 0x00007ffcab87b000 	c:\Users\noir_\.vscode\extensions\redhat.java-1.27.0-win32-x64\jre\17.0.10-win32-x86_64\bin\VCRUNTIME140.dll
0x00007ffcdac20000 - 0x00007ffcdac51000 	C:\WINDOWS\System32\IMM32.DLL
0x00007ffcd51a0000 - 0x00007ffcd51ac000 	c:\Users\noir_\.vscode\extensions\redhat.java-1.27.0-win32-x64\jre\17.0.10-win32-x86_64\bin\vcruntime140_1.dll
0x00007ffca6950000 - 0x00007ffca69dd000 	c:\Users\noir_\.vscode\extensions\redhat.java-1.27.0-win32-x64\jre\17.0.10-win32-x86_64\bin\msvcp140.dll
0x00007ffc3ca10000 - 0x00007ffc3d672000 	c:\Users\noir_\.vscode\extensions\redhat.java-1.27.0-win32-x64\jre\17.0.10-win32-x86_64\bin\server\jvm.dll
0x00007ffcdba00000 - 0x00007ffcdbab3000 	C:\WINDOWS\System32\ADVAPI32.dll
0x00007ffcdb090000 - 0x00007ffcdb138000 	C:\WINDOWS\System32\sechost.dll
0x00007ffcda290000 - 0x00007ffcda2b8000 	C:\WINDOWS\System32\bcrypt.dll
0x00007ffcdb7b0000 - 0x00007ffcdb8c7000 	C:\WINDOWS\System32\RPCRT4.dll
0x00007ffcd9cc0000 - 0x00007ffcd9d0d000 	C:\WINDOWS\SYSTEM32\POWRPROF.dll
0x00007ffcbf600000 - 0x00007ffcbf609000 	C:\WINDOWS\SYSTEM32\WSOCK32.dll
0x00007ffcdac60000 - 0x00007ffcdacd1000 	C:\WINDOWS\System32\WS2_32.dll
0x00007ffcd28f0000 - 0x00007ffcd2924000 	C:\WINDOWS\SYSTEM32\WINMM.dll
0x00007ffcd3380000 - 0x00007ffcd338a000 	C:\WINDOWS\SYSTEM32\VERSION.dll
0x00007ffcd9b70000 - 0x00007ffcd9b83000 	C:\WINDOWS\SYSTEM32\UMPDC.dll
0x00007ffcd9250000 - 0x00007ffcd9268000 	C:\WINDOWS\SYSTEM32\kernel.appcore.dll
0x00007ffcbdc10000 - 0x00007ffcbdc1a000 	c:\Users\noir_\.vscode\extensions\redhat.java-1.27.0-win32-x64\jre\17.0.10-win32-x86_64\bin\jimage.dll
0x00007ffcd74c0000 - 0x00007ffcd76f3000 	C:\WINDOWS\SYSTEM32\DBGHELP.DLL
0x00007ffcdace0000 - 0x00007ffcdb069000 	C:\WINDOWS\System32\combase.dll
0x00007ffcdcbe0000 - 0x00007ffcdccb7000 	C:\WINDOWS\System32\OLEAUT32.dll
0x00007ffcc2d00000 - 0x00007ffcc2d32000 	C:\WINDOWS\SYSTEM32\dbgcore.DLL
0x00007ffcda210000 - 0x00007ffcda28a000 	C:\WINDOWS\System32\bcryptPrimitives.dll
0x00007ffcac9a0000 - 0x00007ffcac9ae000 	c:\Users\noir_\.vscode\extensions\redhat.java-1.27.0-win32-x64\jre\17.0.10-win32-x86_64\bin\instrument.dll
0x00007ffca6eb0000 - 0x00007ffca6ed5000 	c:\Users\noir_\.vscode\extensions\redhat.java-1.27.0-win32-x64\jre\17.0.10-win32-x86_64\bin\java.dll
0x00007ffca8850000 - 0x00007ffca8868000 	c:\Users\noir_\.vscode\extensions\redhat.java-1.27.0-win32-x64\jre\17.0.10-win32-x86_64\bin\zip.dll
0x00007ffcdbef0000 - 0x00007ffcdc74b000 	C:\WINDOWS\System32\SHELL32.dll
0x00007ffcd8170000 - 0x00007ffcd8a66000 	C:\WINDOWS\SYSTEM32\windows.storage.dll
0x00007ffcd8030000 - 0x00007ffcd816e000 	C:\WINDOWS\SYSTEM32\wintypes.dll
0x00007ffcdb6b0000 - 0x00007ffcdb7a3000 	C:\WINDOWS\System32\SHCORE.dll
0x00007ffcdb350000 - 0x00007ffcdb3ae000 	C:\WINDOWS\System32\shlwapi.dll
0x00007ffcda140000 - 0x00007ffcda166000 	C:\WINDOWS\SYSTEM32\profapi.dll
0x00007ffca7430000 - 0x00007ffca7449000 	C:\Users\noir_\.vscode\extensions\redhat.java-1.27.0-win32-x64\jre\17.0.10-win32-x86_64\bin\net.dll
0x00007ffcd3160000 - 0x00007ffcd3297000 	C:\WINDOWS\SYSTEM32\WINHTTP.dll
0x00007ffcd96d0000 - 0x00007ffcd9739000 	C:\WINDOWS\system32\mswsock.dll
0x00007ffca70c0000 - 0x00007ffca70d6000 	C:\Users\noir_\.vscode\extensions\redhat.java-1.27.0-win32-x64\jre\17.0.10-win32-x86_64\bin\nio.dll
0x00007ffcab320000 - 0x00007ffcab330000 	c:\Users\noir_\.vscode\extensions\redhat.java-1.27.0-win32-x64\jre\17.0.10-win32-x86_64\bin\verify.dll

dbghelp: loaded successfully - version: 4.0.5 - missing functions: none
symbol engine: initialized successfully - sym options: 0x614 - pdb path: .;c:\Users\noir_\.vscode\extensions\redhat.java-1.27.0-win32-x64\jre\17.0.10-win32-x86_64\bin;C:\WINDOWS\SYSTEM32;C:\WINDOWS\WinSxS\amd64_microsoft.windows.common-controls_6595b64144ccf1df_6.0.22621.2506_none_270c5ae97388e100;c:\Users\noir_\.vscode\extensions\redhat.java-1.27.0-win32-x64\jre\17.0.10-win32-x86_64\bin\server

VM Arguments:
jvm_args: --add-modules=ALL-SYSTEM --add-opens=java.base/java.util=ALL-UNNAMED --add-opens=java.base/java.lang=ALL-UNNAMED --add-opens=java.base/sun.nio.fs=ALL-UNNAMED -Declipse.application=org.eclipse.jdt.ls.core.id1 -Dosgi.bundles.defaultStartLevel=4 -Declipse.product=org.eclipse.jdt.ls.core.product -Djava.import.generatesMetadataFilesAtProjectRoot=false -DDetectVMInstallationsJob.disabled=true -Dfile.encoding=utf8 -XX:+UseParallelGC -XX:GCTimeRatio=4 -XX:AdaptiveSizePolicyWeight=90 -Dsun.zip.disableMemoryMapping=true -Xmx1G -Xms100m -Xlog:disable -javaagent:c:\Users\noir_\.vscode\extensions\redhat.java-1.27.0-win32-x64\lombok\lombok-1.18.31.jar -XX:+HeapDumpOnOutOfMemoryError -XX:HeapDumpPath=c:\Users\noir_\AppData\Roaming\Code\User\workspaceStorage\56730a31681e540ef937ae5023f4b58e\redhat.java -Daether.dependencyCollector.impl=bf 
java_command: c:\Users\noir_\.vscode\extensions\redhat.java-1.27.0-win32-x64\server\plugins\org.eclipse.equinox.launcher_1.6.700.v20231214-2017.jar -configuration c:\Users\noir_\AppData\Roaming\Code\User\globalStorage\redhat.java\1.27.0\config_win -data c:\Users\noir_\AppData\Roaming\Code\User\workspaceStorage\56730a31681e540ef937ae5023f4b58e\redhat.java\jdt_ws --stdio
java_class_path (initial): c:\Users\noir_\.vscode\extensions\redhat.java-1.27.0-win32-x64\server\plugins\org.eclipse.equinox.launcher_1.6.700.v20231214-2017.jar
Launcher Type: SUN_STANDARD

[Global flags]
    uintx AdaptiveSizePolicyWeight                 = 90                                        {product} {command line}
     intx CICompilerCount                          = 4                                         {product} {ergonomic}
    uintx GCTimeRatio                              = 4                                         {product} {command line}
     bool HeapDumpOnOutOfMemoryError               = true                                   {manageable} {command line}
    ccstr HeapDumpPath                             = c:\Users\noir_\AppData\Roaming\Code\User\workspaceStorage\56730a31681e540ef937ae5023f4b58e\redhat.java         {manageable} {command line}
   size_t InitialHeapSize                          = 104857600                                 {product} {command line}
   size_t MaxHeapSize                              = 1073741824                                {product} {command line}
   size_t MaxNewSize                               = 357564416                                 {product} {ergonomic}
   size_t MinHeapDeltaBytes                        = 524288                                    {product} {ergonomic}
   size_t MinHeapSize                              = 104857600                                 {product} {command line}
   size_t NewSize                                  = 34603008                                  {product} {ergonomic}
    uintx NonNMethodCodeHeapSize                   = 5839372                                {pd product} {ergonomic}
    uintx NonProfiledCodeHeapSize                  = 122909434                              {pd product} {ergonomic}
   size_t OldSize                                  = 70254592                                  {product} {ergonomic}
    uintx ProfiledCodeHeapSize                     = 122909434                              {pd product} {ergonomic}
    uintx ReservedCodeCacheSize                    = 251658240                              {pd product} {ergonomic}
     bool SegmentedCodeCache                       = true                                      {product} {ergonomic}
   size_t SoftMaxHeapSize                          = 1073741824                             {manageable} {ergonomic}
     bool UseCompressedClassPointers               = true                           {product lp64_product} {ergonomic}
     bool UseCompressedOops                        = true                           {product lp64_product} {ergonomic}
     bool UseLargePagesIndividualAllocation        = false                                  {pd product} {ergonomic}
     bool UseParallelGC                            = true                                      {product} {command line}

Logging:
Log output configuration:
 #0: stdout all=off uptime,level,tags
 #1: stderr all=off uptime,level,tags

Environment Variables:
JAVA_HOME=C:\Program Files\Java\jdk-15.0.1
PATH=C:\Program Files\Common Files\Oracle\Java\javapath;C:\Program Files (x86)\Common Files\Oracle\Java\javapath;C:\Users\noir_\Documents;C:\Program Files (x86)\Intel\Intel(R) Management Engine Components\iCLS\;C:\Program Files\Intel\Intel(R) Management Engine Components\iCLS\;C:\Windows\system32;C:\Windows;C:\Windows\System32\Wbem;C:\Windows\System32\WindowsPowerShell\v1.0\;C:\Program Files (x86)\Intel\Intel(R) Management Engine Components\DAL;C:\Program Files\Intel\Intel(R) Management Engine Components\DAL;C:\Program Files (x86)\Intel\Intel(R) Management Engine Components\IPT;C:\Program Files\Intel\Intel(R) Management Engine Components\IPT;C:\WINDOWS\system32;C:\WINDOWS;C:\WINDOWS\System32\Wbem;C:\WINDOWS\System32\WindowsPowerShell\v1.0\;C:\WINDOWS\System32\OpenSSH\;C:\Program Files\Git\cmd;C:\Program Files\Java\jdk-15.0.1\bin;;C:\PROGRA~1\JPKI;C:\Program Files\dotnet\;C:\Program Files\NVIDIA Corporation\NVIDIA NvDLISR;C:\Program Files (x86)\NVIDIA Corporation\PhysX\Common;C:\Users\noir_\AppData\Local\Microsoft\WindowsApps;;C:\Users\noir_\AppData\Local\Programs\Microsoft VS Code\bin;C:\Program Files\JetBrains\IntelliJ IDEA 2020.2.1\bin;;C:\Program Files\JetBrains\IntelliJ IDEA Community Edition 2020.3.1\bin;
USERNAME=noir_
OS=Windows_NT
PROCESSOR_IDENTIFIER=Intel64 Family 6 Model 158 Stepping 10, GenuineIntel
TMP=C:\Users\noir_\AppData\Local\Temp
TEMP=C:\Users\noir_\AppData\Local\Temp



Periodic native trim disabled


---------------  S Y S T E M  ---------------

OS:
 Windows 11 , 64 bit Build 22621 (10.0.22621.3085)
OS uptime: 1 days 12:56 hours

CPU: total 12 (initial active 12) (6 cores per cpu, 2 threads per core) family 6 model 158 stepping 10 microcode 0xde, cx8, cmov, fxsr, ht, mmx, 3dnowpref, sse, sse2, sse3, ssse3, sse4.1, sse4.2, popcnt, lzcnt, tsc, tscinvbit, avx, avx2, aes, erms, clmul, bmi1, bmi2, rtm, adx, fma, vzeroupper, clflush, clflushopt
Processor Information for all 12 processors :
  Max Mhz: 3192, Current Mhz: 3192, Mhz Limit: 3192

Memory: 4k page, system-wide physical 32614M (6366M free)
TotalPageFile size 34662M (AvailPageFile size 17M)
current process WorkingSet (physical memory assigned to process): 52M, peak: 52M
current process commit charge ("private bytes"): 200M, peak: 200M

vm_info: OpenJDK 64-Bit Server VM (17.0.10+7) for windows-amd64 JRE (17.0.10+7), built on Jan 16 2024 23:25:11 by "admin" with MS VC++ 16.10 / 16.11 (VS2019)

END.
