#
# There is insufficient memory for the Java Runtime Environment to continue.
# Native memory allocation (malloc) failed to allocate 32744 bytes for ChunkPool::allocate
# Possible reasons:
#   The system is out of physical RAM or swap space
#   The process is running with CompressedOops enabled, and the Java Heap may be blocking the growth of the native heap
# Possible solutions:
#   Reduce memory load on the system
#   Increase physical memory or swap space
#   Check if swap backing store is full
#   Decrease Java heap size (-Xmx/-Xms)
#   Decrease number of Java threads
#   Decrease Java thread stack sizes (-Xss)
#   Set larger code cache with -XX:ReservedCodeCacheSize=
#   JVM is running with Unscaled Compressed Oops mode in which the Java heap is
#     placed in the first 4GB address space. The Java Heap base address is the
#     maximum limit for the native heap growth. Please use -XX:HeapBaseMinAddress
#     to set the Java Heap base and to place the Java Heap above 4GB virtual address.
# This output file may be truncated or incomplete.
#
#  Out of Memory Error (arena.cpp:79), pid=28364, tid=31240
#
# JRE version: OpenJDK Runtime Environment Temurin-17.0.10+7 (17.0.10+7) (build 17.0.10+7)
# Java VM: OpenJDK 64-Bit Server VM Temurin-17.0.10+7 (17.0.10+7, mixed mode, tiered, compressed oops, compressed class ptrs, parallel gc, windows-amd64)
# No core dump will be written. Minidumps are not enabled by default on client versions of Windows
#

---------------  S U M M A R Y ------------

Command Line: --add-modules=ALL-SYSTEM --add-opens=java.base/java.util=ALL-UNNAMED --add-opens=java.base/java.lang=ALL-UNNAMED --add-opens=java.base/sun.nio.fs=ALL-UNNAMED -Declipse.application=org.eclipse.jdt.ls.core.id1 -Dosgi.bundles.defaultStartLevel=4 -Declipse.product=org.eclipse.jdt.ls.core.product -Djava.import.generatesMetadataFilesAtProjectRoot=false -DDetectVMInstallationsJob.disabled=true -Dfile.encoding=utf8 -XX:+UseParallelGC -XX:GCTimeRatio=4 -XX:AdaptiveSizePolicyWeight=90 -Dsun.zip.disableMemoryMapping=true -Xmx1G -Xms100m -Xlog:disable -javaagent:c:\Users\noir_\.vscode\extensions\redhat.java-1.27.0-win32-x64\lombok\lombok-1.18.31.jar -XX:+HeapDumpOnOutOfMemoryError -XX:HeapDumpPath=c:\Users\noir_\AppData\Roaming\Code\User\workspaceStorage\56730a31681e540ef937ae5023f4b58e\redhat.java -Daether.dependencyCollector.impl=bf c:\Users\noir_\.vscode\extensions\redhat.java-1.27.0-win32-x64\server\plugins\org.eclipse.equinox.launcher_1.6.700.v20231214-2017.jar -configuration c:\Users\noir_\AppData\Roaming\Code\User\globalStorage\redhat.java\1.27.0\config_win -data c:\Users\noir_\AppData\Roaming\Code\User\workspaceStorage\56730a31681e540ef937ae5023f4b58e\redhat.java\jdt_ws --stdio

Host: Intel(R) Core(TM) i7-8700 CPU @ 3.20GHz, 12 cores, 31G,  Windows 11 , 64 bit Build 22621 (10.0.22621.3085)
Time: Sat Feb 10 08:55:37 2024  Windows 11 , 64 bit Build 22621 (10.0.22621.3085) elapsed time: 40.982193 seconds (0d 0h 0m 40s)

---------------  T H R E A D  ---------------

Current thread (0x00000184bfdeca40):  JavaThread "C2 CompilerThread1" daemon [_thread_in_native, id=31240, stack(0x0000004dd0500000,0x0000004dd0600000)]


Current CompileTask:
C2:  40982 6888       4       java.lang.invoke.LambdaForm$MH/0x0000000100198400::invoke (32 bytes)

Stack: [0x0000004dd0500000,0x0000004dd0600000]
Native frames: (J=compiled Java code, j=interpreted, Vv=VM code, C=native code)
V  [jvm.dll+0x67d2c9]
V  [jvm.dll+0x834afa]
V  [jvm.dll+0x8365be]
V  [jvm.dll+0x836c23]
V  [jvm.dll+0x2477ff]
V  [jvm.dll+0xac711]
V  [jvm.dll+0xacb5c]
V  [jvm.dll+0x2aed1f]
V  [jvm.dll+0x584b67]
V  [jvm.dll+0x2228a2]
V  [jvm.dll+0x21b942]
V  [jvm.dll+0x219201]
V  [jvm.dll+0x1a502d]
V  [jvm.dll+0x2290de]
V  [jvm.dll+0x2272ac]
V  [jvm.dll+0x7e9bb7]
V  [jvm.dll+0x7e3fba]
V  [jvm.dll+0x67c1b5]
C  [ucrtbase.dll+0x29363]
C  [KERNEL32.DLL+0x1257d]
C  [ntdll.dll+0x5aa58]


---------------  P R O C E S S  ---------------

Threads class SMR info:
_java_thread_list=0x00000184bd0eddc0, length=30, elements={
0x00000184a0fdea10, 0x00000184b4e6c090, 0x00000184b4e6e400, 0x00000184ba1998c0,
0x00000184ba1cd110, 0x00000184ba1ce5b0, 0x00000184ba1d1d70, 0x00000184ba1de320,
0x00000184ba1e1950, 0x00000184ba1edf60, 0x00000184a10417f0, 0x00000184bb70a0f0,
0x00000184bc3dbb20, 0x00000184bc09c070, 0x00000184bc09c550, 0x00000184bc1fe210,
0x00000184bc0e9b60, 0x00000184bc0ea070, 0x00000184bc0e9140, 0x00000184bc0ebed0,
0x00000184bc0eaa90, 0x00000184bc0e8c30, 0x00000184bc0ea580, 0x00000184bdf28160,
0x00000184bdf2b910, 0x00000184bdf28b80, 0x00000184bdf2aef0, 0x00000184bdf29ab0,
0x00000184bfdeca40, 0x00000184beb08920
}

Java Threads: ( => current thread )
  0x00000184a0fdea10 JavaThread "main" [_thread_blocked, id=10192, stack(0x0000004dce200000,0x0000004dce300000)]
  0x00000184b4e6c090 JavaThread "Reference Handler" daemon [_thread_blocked, id=19224, stack(0x0000004dce500000,0x0000004dce600000)]
  0x00000184b4e6e400 JavaThread "Finalizer" daemon [_thread_blocked, id=23060, stack(0x0000004dce600000,0x0000004dce700000)]
  0x00000184ba1998c0 JavaThread "Signal Dispatcher" daemon [_thread_blocked, id=9484, stack(0x0000004dce700000,0x0000004dce800000)]
  0x00000184ba1cd110 JavaThread "Attach Listener" daemon [_thread_blocked, id=31772, stack(0x0000004dce800000,0x0000004dce900000)]
  0x00000184ba1ce5b0 JavaThread "Service Thread" daemon [_thread_blocked, id=7008, stack(0x0000004dce900000,0x0000004dcea00000)]
  0x00000184ba1d1d70 JavaThread "Monitor Deflation Thread" daemon [_thread_blocked, id=36108, stack(0x0000004dcea00000,0x0000004dceb00000)]
  0x00000184ba1de320 JavaThread "C2 CompilerThread0" daemon [_thread_blocked, id=24804, stack(0x0000004dceb00000,0x0000004dcec00000)]
  0x00000184ba1e1950 JavaThread "C1 CompilerThread0" daemon [_thread_blocked, id=27660, stack(0x0000004dcec00000,0x0000004dced00000)]
  0x00000184ba1edf60 JavaThread "Sweeper thread" daemon [_thread_blocked, id=30692, stack(0x0000004dced00000,0x0000004dcee00000)]
  0x00000184a10417f0 JavaThread "Common-Cleaner" daemon [_thread_blocked, id=12260, stack(0x0000004dcee00000,0x0000004dcef00000)]
  0x00000184bb70a0f0 JavaThread "Notification Thread" daemon [_thread_blocked, id=32324, stack(0x0000004dcf000000,0x0000004dcf100000)]
  0x00000184bc3dbb20 JavaThread "Active Thread: Equinox Container: 24a5c7a8-99c7-4cd4-b64a-9640a5b97554" [_thread_blocked, id=35096, stack(0x0000004dcf200000,0x0000004dcf300000)]
  0x00000184bc09c070 JavaThread "Framework Event Dispatcher: Equinox Container: 24a5c7a8-99c7-4cd4-b64a-9640a5b97554" daemon [_thread_blocked, id=33512, stack(0x0000004dcef00000,0x0000004dcf000000)]
  0x00000184bc09c550 JavaThread "Start Level: Equinox Container: 24a5c7a8-99c7-4cd4-b64a-9640a5b97554" daemon [_thread_blocked, id=34204, stack(0x0000004dcf900000,0x0000004dcfa00000)]
  0x00000184bc1fe210 JavaThread "Bundle File Closer" daemon [_thread_blocked, id=25456, stack(0x0000004dcfb00000,0x0000004dcfc00000)]
  0x00000184bc0e9b60 JavaThread "SCR Component Actor" daemon [_thread_blocked, id=11848, stack(0x0000004dcfc00000,0x0000004dcfd00000)]
  0x00000184bc0ea070 JavaThread "Worker-JM" [_thread_blocked, id=21796, stack(0x0000004dd0100000,0x0000004dd0200000)]
  0x00000184bc0e9140 JavaThread "Worker-0" [_thread_blocked, id=15788, stack(0x0000004dd0000000,0x0000004dd0100000)]
  0x00000184bc0ebed0 JavaThread "Worker-1: Initialize Workspace" [_thread_in_native, id=28680, stack(0x0000004dd0200000,0x0000004dd0300000)]
  0x00000184bc0eaa90 JavaThread "Worker-2" [_thread_blocked, id=6652, stack(0x0000004dd0300000,0x0000004dd0400000)]
  0x00000184bc0e8c30 JavaThread "Java indexing" daemon [_thread_in_Java, id=23380, stack(0x0000004dd0600000,0x0000004dd0700000)]
  0x00000184bc0ea580 JavaThread "Worker-3: Java indexing... " [_thread_blocked, id=9360, stack(0x0000004dd0700000,0x0000004dd0800000)]
  0x00000184bdf28160 JavaThread "JNA Cleaner" daemon [_thread_blocked, id=30364, stack(0x0000004dcff00000,0x0000004dd0000000)]
  0x00000184bdf2b910 JavaThread "pool-2-thread-1" [_thread_blocked, id=15668, stack(0x0000004dd0a00000,0x0000004dd0b00000)]
  0x00000184bdf28b80 JavaThread "WorkspaceEventsHandler" [_thread_blocked, id=3664, stack(0x0000004dd0b00000,0x0000004dd0c00000)]
  0x00000184bdf2aef0 JavaThread "pool-1-thread-1" [_thread_blocked, id=11168, stack(0x0000004dd0c00000,0x0000004dd0d00000)]
  0x00000184bdf29ab0 JavaThread "Worker-4" [_thread_blocked, id=16036, stack(0x0000004dd0f00000,0x0000004dd1000000)]
=>0x00000184bfdeca40 JavaThread "C2 CompilerThread1" daemon [_thread_in_native, id=31240, stack(0x0000004dd0500000,0x0000004dd0600000)]
  0x00000184beb08920 JavaThread "C2 CompilerThread2" daemon [_thread_blocked, id=12244, stack(0x0000004dd0d00000,0x0000004dd0e00000)]

Other Threads:
  0x00000184ba173580 VMThread "VM Thread" [stack: 0x0000004dce400000,0x0000004dce500000] [id=35384]
  0x00000184ba50dcb0 WatcherThread [stack: 0x0000004dcf100000,0x0000004dcf200000] [id=36580]
  0x00000184a0ff58b0 GCTaskThread "GC Thread#0" [stack: 0x0000004dce300000,0x0000004dce400000] [id=22268]
  0x00000184bbad9470 GCTaskThread "GC Thread#1" [stack: 0x0000004dcf300000,0x0000004dcf400000] [id=26092]
  0x00000184bbf5d8c0 GCTaskThread "GC Thread#2" [stack: 0x0000004dcf400000,0x0000004dcf500000] [id=32208]
  0x00000184bbcfb0f0 GCTaskThread "GC Thread#3" [stack: 0x0000004dcf500000,0x0000004dcf600000] [id=35588]
  0x00000184bbce6de0 GCTaskThread "GC Thread#4" [stack: 0x0000004dcf600000,0x0000004dcf700000] [id=6668]
  0x00000184bbed65d0 GCTaskThread "GC Thread#5" [stack: 0x0000004dcf700000,0x0000004dcf800000] [id=22832]
  0x00000184bbed6890 GCTaskThread "GC Thread#6" [stack: 0x0000004dcf800000,0x0000004dcf900000] [id=3660]
  0x00000184bc168e40 GCTaskThread "GC Thread#7" [stack: 0x0000004dcfa00000,0x0000004dcfb00000] [id=21964]
  0x00000184bc3bd2a0 GCTaskThread "GC Thread#8" [stack: 0x0000004dcfd00000,0x0000004dcfe00000] [id=34936]
  0x00000184bc3bd560 GCTaskThread "GC Thread#9" [stack: 0x0000004dcfe00000,0x0000004dcff00000] [id=36300]

Threads with active compile tasks:
C2 CompilerThread1    41014 6888       4       java.lang.invoke.LambdaForm$MH/0x0000000100198400::invoke (32 bytes)

VM state: not at safepoint (normal execution)

VM Mutex/Monitor currently owned by a thread: None

Heap address: 0x00000000c0000000, size: 1024 MB, Compressed Oops mode: 32-bit

CDS archive(s) not mapped
Compressed class space mapped at: 0x0000000100000000-0x0000000140000000, reserved size: 1073741824
Narrow klass base: 0x0000000000000000, Narrow klass shift: 3, Narrow klass range: 0x140000000

GC Precious Log:
 CPUs: 12 total, 12 available
 Memory: 32614M
 Large Page Support: Disabled
 NUMA Support: Disabled
 Compressed Oops: Enabled (32-bit)
 Alignments: Space 512K, Generation 512K, Heap 2M
 Heap Min Capacity: 100M
 Heap Initial Capacity: 100M
 Heap Max Capacity: 1G
 Pre-touch: Disabled
 Parallel Workers: 10

Heap:
 PSYoungGen      total 19456K, used 5520K [0x00000000eab00000, 0x00000000ec180000, 0x0000000100000000)
  eden space 18944K, 26% used [0x00000000eab00000,0x00000000eafe7940,0x00000000ebd80000)
  from space 512K, 97% used [0x00000000ec000000,0x00000000ec07c8a8,0x00000000ec080000)
  to   space 2048K, 0% used [0x00000000ebd80000,0x00000000ebd80000,0x00000000ebf80000)
 ParOldGen       total 68608K, used 38609K [0x00000000c0000000, 0x00000000c4300000, 0x00000000eab00000)
  object space 68608K, 56% used [0x00000000c0000000,0x00000000c25b4458,0x00000000c4300000)
 Metaspace       used 56602K, committed 57536K, reserved 1114112K
  class space    used 6199K, committed 6592K, reserved 1048576K

Card table byte_map: [0x00000184a0980000,0x00000184a0b90000] _byte_map_base: 0x00000184a0380000

Marking Bits: (ParMarkBitMap*) 0x00007ffc3d5ad7d0
 Begin Bits: [0x00000184b2c70000, 0x00000184b3c70000)
 End Bits:   [0x00000184b3c70000, 0x00000184b4c70000)

Polling page: 0x000001849efc0000

Metaspace:

Usage:
  Non-class:     49.22 MB used.
      Class:      6.05 MB used.
       Both:     55.28 MB used.

Virtual space:
  Non-class space:       64.00 MB reserved,      49.75 MB ( 78%) committed,  1 nodes.
      Class space:        1.00 GB reserved,       6.44 MB ( <1%) committed,  1 nodes.
             Both:        1.06 GB reserved,      56.19 MB (  5%) committed. 

Chunk freelists:
   Non-Class:  13.66 MB
       Class:  9.53 MB
        Both:  23.19 MB

MaxMetaspaceSize: unlimited
CompressedClassSpaceSize: 1.00 GB
Initial GC threshold: 21.00 MB
Current GC threshold: 58.38 MB
CDS: off
MetaspaceReclaimPolicy: balanced
 - commit_granule_bytes: 65536.
 - commit_granule_words: 8192.
 - virtual_space_node_default_size: 8388608.
 - enlarge_chunks_in_place: 1.
 - new_chunks_are_fully_committed: 0.
 - uncommit_free_chunks: 1.
 - use_allocation_guard: 0.
 - handle_deallocations: 1.


Internal statistics:

num_allocs_failed_limit: 6.
num_arena_births: 470.
num_arena_deaths: 14.
num_vsnodes_births: 2.
num_vsnodes_deaths: 0.
num_space_committed: 899.
num_space_uncommitted: 0.
num_chunks_returned_to_freelist: 20.
num_chunks_taken_from_freelist: 2464.
num_chunk_merges: 8.
num_chunk_splits: 1511.
num_chunks_enlarged: 913.
num_inconsistent_stats: 0.

CodeHeap 'non-profiled nmethods': size=120000Kb used=3939Kb max_used=3939Kb free=116060Kb
 bounds [0x00000184ab740000, 0x00000184abb20000, 0x00000184b2c70000]
CodeHeap 'profiled nmethods': size=120000Kb used=12181Kb max_used=12181Kb free=107818Kb
 bounds [0x00000184a3c70000, 0x00000184a4860000, 0x00000184ab1a0000]
CodeHeap 'non-nmethods': size=5760Kb used=1325Kb max_used=1387Kb free=4434Kb
 bounds [0x00000184ab1a0000, 0x00000184ab410000, 0x00000184ab740000]
 total_blobs=6687 nmethods=6027 adapters=572
 compilation: enabled
              stopped_count=0, restarted_count=0
 full_count=0

Compilation events (20 events):
Event: 40.613 Thread 0x00000184ba1e1950 6878  s    3       java.lang.StringBuffer::toString (59 bytes)
Event: 40.613 Thread 0x00000184ba1e1950 nmethod 6878 0x00000184a4847b10 code [0x00000184a4847d00, 0x00000184a4848298]
Event: 40.613 Thread 0x00000184ba1e1950 6880       3       java.lang.invoke.BoundMethodHandle$Species_L::make (11 bytes)
Event: 40.613 Thread 0x00000184ba1e1950 nmethod 6880 0x00000184a4848410 code [0x00000184a48485c0, 0x00000184a48487c8]
Event: 40.618 Thread 0x00000184ba1e1950 6881       3       sun.nio.fs.WindowsPathParser::parse (384 bytes)
Event: 40.618 Thread 0x00000184ba1de320 6883       4       sun.nio.fs.WindowsPathParser::isSlash (18 bytes)
Event: 40.619 Thread 0x00000184ba1de320 nmethod 6883 0x00000184abb14590 code [0x00000184abb14700, 0x00000184abb14778]
Event: 40.622 Thread 0x00000184ba1e1950 nmethod 6881 0x00000184a4848910 code [0x00000184a4849020, 0x00000184a484ce08]
Event: 40.622 Thread 0x00000184ba1e1950 6882       3       sun.nio.fs.WindowsPathParser::isLetter (30 bytes)
Event: 40.623 Thread 0x00000184ba1e1950 nmethod 6882 0x00000184a484e510 code [0x00000184a484e6a0, 0x00000184a484e898]
Event: 40.975 Thread 0x00000184ba1e1950 6884       3       org.eclipse.jdt.internal.core.index.DiskIndex::readStreamChars (529 bytes)
Event: 40.976 Thread 0x00000184ba1e1950 nmethod 6884 0x00000184a484e910 code [0x00000184a484eb80, 0x00000184a484fad8]
Event: 40.976 Thread 0x00000184ba1e1950 6885       3       java.lang.invoke.LambdaForm$MH/0x00000001001b2000::invoke (202 bytes)
Event: 40.977 Thread 0x00000184ba1e1950 nmethod 6885 0x00000184a4850090 code [0x00000184a4850360, 0x00000184a4851598]
Event: 40.978 Thread 0x00000184ba1de320 6886       4       java.lang.invoke.DirectMethodHandle$Holder::invokeStatic (14 bytes)
Event: 40.979 Thread 0x00000184ba1de320 nmethod 6886 0x00000184abb14890 code [0x00000184abb14a20, 0x00000184abb14ae8]
Event: 40.979 Thread 0x00000184ba1de320 6887       4       java.lang.invoke.DirectMethodHandle$Holder::invokeStatic (17 bytes)
Event: 40.980 Thread 0x00000184ba1de320 nmethod 6887 0x00000184abb14c10 code [0x00000184abb14da0, 0x00000184abb14e68]
Event: 40.980 Thread 0x00000184ba1de320 6891       4       org.eclipse.jdt.internal.core.index.DiskIndex::readStreamChars (529 bytes)
Event: 40.980 Thread 0x00000184bfdeca40 6888       4       java.lang.invoke.LambdaForm$MH/0x0000000100198400::invoke (32 bytes)

GC Heap History (20 events):
Event: 35.082 GC heap before
{Heap before GC invocations=20 (full 2):
 PSYoungGen      total 22528K, used 22051K [0x00000000eab00000, 0x00000000ec400000, 0x0000000100000000)
  eden space 20480K, 100% used [0x00000000eab00000,0x00000000ebf00000,0x00000000ebf00000)
  from space 2048K, 76% used [0x00000000ebf00000,0x00000000ec088f90,0x00000000ec100000)
  to   space 2560K, 0% used [0x00000000ec180000,0x00000000ec180000,0x00000000ec400000)
 ParOldGen       total 68608K, used 20438K [0x00000000c0000000, 0x00000000c4300000, 0x00000000eab00000)
  object space 68608K, 29% used [0x00000000c0000000,0x00000000c13f5bd8,0x00000000c4300000)
 Metaspace       used 55634K, committed 56512K, reserved 1114112K
  class space    used 6122K, committed 6464K, reserved 1048576K
}
Event: 35.085 GC heap after
{Heap after GC invocations=20 (full 2):
 PSYoungGen      total 23040K, used 2091K [0x00000000eab00000, 0x00000000ec400000, 0x0000000100000000)
  eden space 20480K, 0% used [0x00000000eab00000,0x00000000eab00000,0x00000000ebf00000)
  from space 2560K, 81% used [0x00000000ec180000,0x00000000ec38acb8,0x00000000ec400000)
  to   space 2560K, 0% used [0x00000000ebf00000,0x00000000ebf00000,0x00000000ec180000)
 ParOldGen       total 68608K, used 21802K [0x00000000c0000000, 0x00000000c4300000, 0x00000000eab00000)
  object space 68608K, 31% used [0x00000000c0000000,0x00000000c154a900,0x00000000c4300000)
 Metaspace       used 55634K, committed 56512K, reserved 1114112K
  class space    used 6122K, committed 6464K, reserved 1048576K
}
Event: 35.428 GC heap before
{Heap before GC invocations=21 (full 2):
 PSYoungGen      total 23040K, used 22571K [0x00000000eab00000, 0x00000000ec400000, 0x0000000100000000)
  eden space 20480K, 100% used [0x00000000eab00000,0x00000000ebf00000,0x00000000ebf00000)
  from space 2560K, 81% used [0x00000000ec180000,0x00000000ec38acb8,0x00000000ec400000)
  to   space 2560K, 0% used [0x00000000ebf00000,0x00000000ebf00000,0x00000000ec180000)
 ParOldGen       total 68608K, used 21802K [0x00000000c0000000, 0x00000000c4300000, 0x00000000eab00000)
  object space 68608K, 31% used [0x00000000c0000000,0x00000000c154a900,0x00000000c4300000)
 Metaspace       used 55832K, committed 56832K, reserved 1114112K
  class space    used 6140K, committed 6528K, reserved 1048576K
}
Event: 35.430 GC heap after
{Heap after GC invocations=21 (full 2):
 PSYoungGen      total 23040K, used 2528K [0x00000000eab00000, 0x00000000ec800000, 0x0000000100000000)
  eden space 20480K, 0% used [0x00000000eab00000,0x00000000eab00000,0x00000000ebf00000)
  from space 2560K, 98% used [0x00000000ebf00000,0x00000000ec178010,0x00000000ec180000)
  to   space 4608K, 0% used [0x00000000ec380000,0x00000000ec380000,0x00000000ec800000)
 ParOldGen       total 68608K, used 23195K [0x00000000c0000000, 0x00000000c4300000, 0x00000000eab00000)
  object space 68608K, 33% used [0x00000000c0000000,0x00000000c16a6d78,0x00000000c4300000)
 Metaspace       used 55832K, committed 56832K, reserved 1114112K
  class space    used 6140K, committed 6528K, reserved 1048576K
}
Event: 35.652 GC heap before
{Heap before GC invocations=22 (full 2):
 PSYoungGen      total 23040K, used 23008K [0x00000000eab00000, 0x00000000ec800000, 0x0000000100000000)
  eden space 20480K, 100% used [0x00000000eab00000,0x00000000ebf00000,0x00000000ebf00000)
  from space 2560K, 98% used [0x00000000ebf00000,0x00000000ec178010,0x00000000ec180000)
  to   space 4608K, 0% used [0x00000000ec380000,0x00000000ec380000,0x00000000ec800000)
 ParOldGen       total 68608K, used 23195K [0x00000000c0000000, 0x00000000c4300000, 0x00000000eab00000)
  object space 68608K, 33% used [0x00000000c0000000,0x00000000c16a6d78,0x00000000c4300000)
 Metaspace       used 55861K, committed 56832K, reserved 1114112K
  class space    used 6141K, committed 6528K, reserved 1048576K
}
Event: 35.655 GC heap after
{Heap after GC invocations=22 (full 2):
 PSYoungGen      total 23040K, used 2112K [0x00000000eab00000, 0x00000000ec600000, 0x0000000100000000)
  eden space 20480K, 0% used [0x00000000eab00000,0x00000000eab00000,0x00000000ebf00000)
  from space 2560K, 82% used [0x00000000ec380000,0x00000000ec590010,0x00000000ec600000)
  to   space 3072K, 0% used [0x00000000ec000000,0x00000000ec000000,0x00000000ec300000)
 ParOldGen       total 68608K, used 25619K [0x00000000c0000000, 0x00000000c4300000, 0x00000000eab00000)
  object space 68608K, 37% used [0x00000000c0000000,0x00000000c1904d78,0x00000000c4300000)
 Metaspace       used 55861K, committed 56832K, reserved 1114112K
  class space    used 6141K, committed 6528K, reserved 1048576K
}
Event: 35.867 GC heap before
{Heap before GC invocations=23 (full 2):
 PSYoungGen      total 23040K, used 22592K [0x00000000eab00000, 0x00000000ec600000, 0x0000000100000000)
  eden space 20480K, 100% used [0x00000000eab00000,0x00000000ebf00000,0x00000000ebf00000)
  from space 2560K, 82% used [0x00000000ec380000,0x00000000ec590010,0x00000000ec600000)
  to   space 3072K, 0% used [0x00000000ec000000,0x00000000ec000000,0x00000000ec300000)
 ParOldGen       total 68608K, used 25619K [0x00000000c0000000, 0x00000000c4300000, 0x00000000eab00000)
  object space 68608K, 37% used [0x00000000c0000000,0x00000000c1904d78,0x00000000c4300000)
 Metaspace       used 55934K, committed 56896K, reserved 1114112K
  class space    used 6152K, committed 6528K, reserved 1048576K
}
Event: 35.870 GC heap after
{Heap after GC invocations=23 (full 2):
 PSYoungGen      total 23040K, used 2464K [0x00000000eab00000, 0x00000000ec400000, 0x0000000100000000)
  eden space 20480K, 0% used [0x00000000eab00000,0x00000000eab00000,0x00000000ebf00000)
  from space 2560K, 96% used [0x00000000ec000000,0x00000000ec268010,0x00000000ec280000)
  to   space 1536K, 0% used [0x00000000ec280000,0x00000000ec280000,0x00000000ec400000)
 ParOldGen       total 68608K, used 27615K [0x00000000c0000000, 0x00000000c4300000, 0x00000000eab00000)
  object space 68608K, 40% used [0x00000000c0000000,0x00000000c1af7ea8,0x00000000c4300000)
 Metaspace       used 55934K, committed 56896K, reserved 1114112K
  class space    used 6152K, committed 6528K, reserved 1048576K
}
Event: 35.913 GC heap before
{Heap before GC invocations=24 (full 2):
 PSYoungGen      total 23040K, used 22944K [0x00000000eab00000, 0x00000000ec400000, 0x0000000100000000)
  eden space 20480K, 100% used [0x00000000eab00000,0x00000000ebf00000,0x00000000ebf00000)
  from space 2560K, 96% used [0x00000000ec000000,0x00000000ec268010,0x00000000ec280000)
  to   space 1536K, 0% used [0x00000000ec280000,0x00000000ec280000,0x00000000ec400000)
 ParOldGen       total 68608K, used 27615K [0x00000000c0000000, 0x00000000c4300000, 0x00000000eab00000)
  object space 68608K, 40% used [0x00000000c0000000,0x00000000c1af7ea8,0x00000000c4300000)
 Metaspace       used 55967K, committed 56896K, reserved 1114112K
  class space    used 6156K, committed 6528K, reserved 1048576K
}
Event: 35.916 GC heap after
{Heap after GC invocations=24 (full 2):
 PSYoungGen      total 20480K, used 1520K [0x00000000eab00000, 0x00000000ec900000, 0x0000000100000000)
  eden space 18944K, 0% used [0x00000000eab00000,0x00000000eab00000,0x00000000ebd80000)
  from space 1536K, 98% used [0x00000000ec280000,0x00000000ec3fc0a0,0x00000000ec400000)
  to   space 5120K, 0% used [0x00000000ebd80000,0x00000000ebd80000,0x00000000ec280000)
 ParOldGen       total 68608K, used 30480K [0x00000000c0000000, 0x00000000c4300000, 0x00000000eab00000)
  object space 68608K, 44% used [0x00000000c0000000,0x00000000c1dc4030,0x00000000c4300000)
 Metaspace       used 55967K, committed 56896K, reserved 1114112K
  class space    used 6156K, committed 6528K, reserved 1048576K
}
Event: 36.008 GC heap before
{Heap before GC invocations=25 (full 2):
 PSYoungGen      total 20480K, used 20295K [0x00000000eab00000, 0x00000000ec900000, 0x0000000100000000)
  eden space 18944K, 99% used [0x00000000eab00000,0x00000000ebd55c28,0x00000000ebd80000)
  from space 1536K, 98% used [0x00000000ec280000,0x00000000ec3fc0a0,0x00000000ec400000)
  to   space 5120K, 0% used [0x00000000ebd80000,0x00000000ebd80000,0x00000000ec280000)
 ParOldGen       total 68608K, used 30480K [0x00000000c0000000, 0x00000000c4300000, 0x00000000eab00000)
  object space 68608K, 44% used [0x00000000c0000000,0x00000000c1dc4030,0x00000000c4300000)
 Metaspace       used 56062K, committed 56960K, reserved 1114112K
  class space    used 6161K, committed 6528K, reserved 1048576K
}
Event: 36.010 GC heap after
{Heap after GC invocations=25 (full 2):
 PSYoungGen      total 19968K, used 1024K [0x00000000eab00000, 0x00000000ec300000, 0x0000000100000000)
  eden space 18944K, 0% used [0x00000000eab00000,0x00000000eab00000,0x00000000ebd80000)
  from space 1024K, 100% used [0x00000000ebd80000,0x00000000ebe80000,0x00000000ebe80000)
  to   space 2560K, 0% used [0x00000000ec080000,0x00000000ec080000,0x00000000ec300000)
 ParOldGen       total 68608K, used 32032K [0x00000000c0000000, 0x00000000c4300000, 0x00000000eab00000)
  object space 68608K, 46% used [0x00000000c0000000,0x00000000c1f480d0,0x00000000c4300000)
 Metaspace       used 56062K, committed 56960K, reserved 1114112K
  class space    used 6161K, committed 6528K, reserved 1048576K
}
Event: 36.126 GC heap before
{Heap before GC invocations=26 (full 2):
 PSYoungGen      total 19968K, used 19968K [0x00000000eab00000, 0x00000000ec300000, 0x0000000100000000)
  eden space 18944K, 100% used [0x00000000eab00000,0x00000000ebd80000,0x00000000ebd80000)
  from space 1024K, 100% used [0x00000000ebd80000,0x00000000ebe80000,0x00000000ebe80000)
  to   space 2560K, 0% used [0x00000000ec080000,0x00000000ec080000,0x00000000ec300000)
 ParOldGen       total 68608K, used 32032K [0x00000000c0000000, 0x00000000c4300000, 0x00000000eab00000)
  object space 68608K, 46% used [0x00000000c0000000,0x00000000c1f480d0,0x00000000c4300000)
 Metaspace       used 56224K, committed 57152K, reserved 1114112K
  class space    used 6180K, committed 6592K, reserved 1048576K
}
Event: 36.128 GC heap after
{Heap after GC invocations=26 (full 2):
 PSYoungGen      total 21504K, used 2304K [0x00000000eab00000, 0x00000000ec300000, 0x0000000100000000)
  eden space 18944K, 0% used [0x00000000eab00000,0x00000000eab00000,0x00000000ebd80000)
  from space 2560K, 90% used [0x00000000ec080000,0x00000000ec2c0010,0x00000000ec300000)
  to   space 2560K, 0% used [0x00000000ebe00000,0x00000000ebe00000,0x00000000ec080000)
 ParOldGen       total 68608K, used 32944K [0x00000000c0000000, 0x00000000c4300000, 0x00000000eab00000)
  object space 68608K, 48% used [0x00000000c0000000,0x00000000c202c0d0,0x00000000c4300000)
 Metaspace       used 56224K, committed 57152K, reserved 1114112K
  class space    used 6180K, committed 6592K, reserved 1048576K
}
Event: 36.179 GC heap before
{Heap before GC invocations=27 (full 2):
 PSYoungGen      total 21504K, used 21248K [0x00000000eab00000, 0x00000000ec300000, 0x0000000100000000)
  eden space 18944K, 100% used [0x00000000eab00000,0x00000000ebd80000,0x00000000ebd80000)
  from space 2560K, 90% used [0x00000000ec080000,0x00000000ec2c0010,0x00000000ec300000)
  to   space 2560K, 0% used [0x00000000ebe00000,0x00000000ebe00000,0x00000000ec080000)
 ParOldGen       total 68608K, used 32944K [0x00000000c0000000, 0x00000000c4300000, 0x00000000eab00000)
  object space 68608K, 48% used [0x00000000c0000000,0x00000000c202c0d0,0x00000000c4300000)
 Metaspace       used 56257K, committed 57216K, reserved 1114112K
  class space    used 6183K, committed 6592K, reserved 1048576K
}
Event: 36.183 GC heap after
{Heap after GC invocations=27 (full 2):
 PSYoungGen      total 20992K, used 2048K [0x00000000eab00000, 0x00000000ec280000, 0x0000000100000000)
  eden space 18944K, 0% used [0x00000000eab00000,0x00000000eab00000,0x00000000ebd80000)
  from space 2048K, 100% used [0x00000000ebe00000,0x00000000ec000000,0x00000000ec000000)
  to   space 2560K, 0% used [0x00000000ec000000,0x00000000ec000000,0x00000000ec280000)
 ParOldGen       total 68608K, used 35092K [0x00000000c0000000, 0x00000000c4300000, 0x00000000eab00000)
  object space 68608K, 51% used [0x00000000c0000000,0x00000000c2245100,0x00000000c4300000)
 Metaspace       used 56257K, committed 57216K, reserved 1114112K
  class space    used 6183K, committed 6592K, reserved 1048576K
}
Event: 38.745 GC heap before
{Heap before GC invocations=28 (full 2):
 PSYoungGen      total 20992K, used 20992K [0x00000000eab00000, 0x00000000ec280000, 0x0000000100000000)
  eden space 18944K, 100% used [0x00000000eab00000,0x00000000ebd80000,0x00000000ebd80000)
  from space 2048K, 100% used [0x00000000ebe00000,0x00000000ec000000,0x00000000ec000000)
  to   space 2560K, 0% used [0x00000000ec000000,0x00000000ec000000,0x00000000ec280000)
 ParOldGen       total 68608K, used 35092K [0x00000000c0000000, 0x00000000c4300000, 0x00000000eab00000)
  object space 68608K, 51% used [0x00000000c0000000,0x00000000c2245100,0x00000000c4300000)
 Metaspace       used 56571K, committed 57536K, reserved 1114112K
  class space    used 6196K, committed 6592K, reserved 1048576K
}
Event: 38.747 GC heap after
{Heap after GC invocations=28 (full 2):
 PSYoungGen      total 19968K, used 672K [0x00000000eab00000, 0x00000000ec100000, 0x0000000100000000)
  eden space 18944K, 0% used [0x00000000eab00000,0x00000000eab00000,0x00000000ebd80000)
  from space 1024K, 65% used [0x00000000ec000000,0x00000000ec0a8000,0x00000000ec100000)
  to   space 1536K, 0% used [0x00000000ebe00000,0x00000000ebe00000,0x00000000ebf80000)
 ParOldGen       total 68608K, used 37009K [0x00000000c0000000, 0x00000000c4300000, 0x00000000eab00000)
  object space 68608K, 53% used [0x00000000c0000000,0x00000000c2424458,0x00000000c4300000)
 Metaspace       used 56571K, committed 57536K, reserved 1114112K
  class space    used 6196K, committed 6592K, reserved 1048576K
}
Event: 40.136 GC heap before
{Heap before GC invocations=29 (full 2):
 PSYoungGen      total 19968K, used 19616K [0x00000000eab00000, 0x00000000ec100000, 0x0000000100000000)
  eden space 18944K, 100% used [0x00000000eab00000,0x00000000ebd80000,0x00000000ebd80000)
  from space 1024K, 65% used [0x00000000ec000000,0x00000000ec0a8000,0x00000000ec100000)
  to   space 1536K, 0% used [0x00000000ebe00000,0x00000000ebe00000,0x00000000ebf80000)
 ParOldGen       total 68608K, used 37009K [0x00000000c0000000, 0x00000000c4300000, 0x00000000eab00000)
  object space 68608K, 53% used [0x00000000c0000000,0x00000000c2424458,0x00000000c4300000)
 Metaspace       used 56595K, committed 57536K, reserved 1114112K
  class space    used 6199K, committed 6592K, reserved 1048576K
}
Event: 40.137 GC heap after
{Heap after GC invocations=29 (full 2):
 PSYoungGen      total 20480K, used 160K [0x00000000eab00000, 0x00000000ec080000, 0x0000000100000000)
  eden space 18944K, 0% used [0x00000000eab00000,0x00000000eab00000,0x00000000ebd80000)
  from space 1536K, 10% used [0x00000000ebe00000,0x00000000ebe28000,0x00000000ebf80000)
  to   space 512K, 0% used [0x00000000ec000000,0x00000000ec000000,0x00000000ec080000)
 ParOldGen       total 68608K, used 37577K [0x00000000c0000000, 0x00000000c4300000, 0x00000000eab00000)
  object space 68608K, 54% used [0x00000000c0000000,0x00000000c24b2458,0x00000000c4300000)
 Metaspace       used 56595K, committed 57536K, reserved 1114112K
  class space    used 6199K, committed 6592K, reserved 1048576K
}

Dll operation events (12 events):
Event: 0.024 Loaded shared library c:\Users\noir_\.vscode\extensions\redhat.java-1.27.0-win32-x64\jre\17.0.10-win32-x86_64\bin\java.dll
Event: 0.151 Loaded shared library c:\Users\noir_\.vscode\extensions\redhat.java-1.27.0-win32-x64\jre\17.0.10-win32-x86_64\bin\zip.dll
Event: 0.160 Loaded shared library C:\Users\noir_\.vscode\extensions\redhat.java-1.27.0-win32-x64\jre\17.0.10-win32-x86_64\bin\instrument.dll
Event: 0.173 Loaded shared library C:\Users\noir_\.vscode\extensions\redhat.java-1.27.0-win32-x64\jre\17.0.10-win32-x86_64\bin\net.dll
Event: 0.175 Loaded shared library C:\Users\noir_\.vscode\extensions\redhat.java-1.27.0-win32-x64\jre\17.0.10-win32-x86_64\bin\nio.dll
Event: 0.181 Loaded shared library C:\Users\noir_\.vscode\extensions\redhat.java-1.27.0-win32-x64\jre\17.0.10-win32-x86_64\bin\zip.dll
Event: 0.194 Loaded shared library C:\Users\noir_\.vscode\extensions\redhat.java-1.27.0-win32-x64\jre\17.0.10-win32-x86_64\bin\jimage.dll
Event: 0.269 Loaded shared library c:\Users\noir_\.vscode\extensions\redhat.java-1.27.0-win32-x64\jre\17.0.10-win32-x86_64\bin\verify.dll
Event: 4.724 Loaded shared library C:\Users\noir_\AppData\Roaming\Code\User\globalStorage\redhat.java\1.27.0\config_win\org.eclipse.equinox.launcher\org.eclipse.equinox.launcher.win32.win32.x86_64_1.2.900.v20240129-1338\eclipse_11900.dll
Event: 31.242 Loaded shared library C:\Users\noir_\AppData\Local\Temp\jna-104998645\jna11739516682872464442.dll
Event: 34.079 Loaded shared library C:\Users\noir_\.vscode\extensions\redhat.java-1.27.0-win32-x64\jre\17.0.10-win32-x86_64\bin\sunmscapi.dll
Event: 34.269 Loaded shared library C:\Users\noir_\.vscode\extensions\redhat.java-1.27.0-win32-x64\jre\17.0.10-win32-x86_64\bin\extnet.dll

Deoptimization events (20 events):
Event: 36.918 Thread 0x00000184bc0ebed0 DEOPT PACKING pc=0x00000184abae80ec sp=0x0000004dd02fedd0
Event: 36.918 Thread 0x00000184bc0ebed0 DEOPT UNPACKING pc=0x00000184ab1f66a3 sp=0x0000004dd02fed60 mode 2
Event: 38.112 Thread 0x00000184bc0ebed0 DEOPT PACKING pc=0x00000184a480fae7 sp=0x0000004dd02feda0
Event: 38.112 Thread 0x00000184bc0ebed0 DEOPT UNPACKING pc=0x00000184ab1f6e43 sp=0x0000004dd02fe2a8 mode 0
Event: 38.772 Thread 0x00000184bc0ebed0 Uncommon trap: trap_request=0xffffff45 fr.pc=0x00000184abaf4408 relative=0x00000000000021e8
Event: 38.772 Thread 0x00000184bc0ebed0 Uncommon trap: reason=unstable_if action=reinterpret pc=0x00000184abaf4408 method=sun.nio.fs.Globs.toRegexPattern(Ljava/lang/String;Z)Ljava/lang/String; @ 37 c2
Event: 38.772 Thread 0x00000184bc0ebed0 DEOPT PACKING pc=0x00000184abaf4408 sp=0x0000004dd02fecc0
Event: 38.772 Thread 0x00000184bc0ebed0 DEOPT UNPACKING pc=0x00000184ab1f66a3 sp=0x0000004dd02fec98 mode 2
Event: 38.772 Thread 0x00000184bc0ebed0 Uncommon trap: trap_request=0xffffff45 fr.pc=0x00000184abaf047c relative=0x0000000000000a3c
Event: 38.772 Thread 0x00000184bc0ebed0 Uncommon trap: reason=unstable_if action=reinterpret pc=0x00000184abaf047c method=java.util.regex.Pattern.append(II)V @ 9 c2
Event: 38.772 Thread 0x00000184bc0ebed0 DEOPT PACKING pc=0x00000184abaf047c sp=0x0000004dd02feb00
Event: 38.772 Thread 0x00000184bc0ebed0 DEOPT UNPACKING pc=0x00000184ab1f66a3 sp=0x0000004dd02fea10 mode 2
Event: 38.773 Thread 0x00000184bc0ebed0 Uncommon trap: trap_request=0xffffff45 fr.pc=0x00000184abada614 relative=0x0000000000000094
Event: 38.773 Thread 0x00000184bc0ebed0 Uncommon trap: reason=unstable_if action=reinterpret pc=0x00000184abada614 method=java.util.regex.Pattern.append(II)V @ 9 c2
Event: 38.773 Thread 0x00000184bc0ebed0 DEOPT PACKING pc=0x00000184abada614 sp=0x0000004dd02fea60
Event: 38.773 Thread 0x00000184bc0ebed0 DEOPT UNPACKING pc=0x00000184ab1f66a3 sp=0x0000004dd02fea08 mode 2
Event: 40.613 Thread 0x00000184bc0ebed0 Uncommon trap: trap_request=0xffffff3d fr.pc=0x00000184abaf8b4c relative=0x0000000000000fcc
Event: 40.613 Thread 0x00000184bc0ebed0 Uncommon trap: reason=unstable_fused_if action=reinterpret pc=0x00000184abaf8b4c method=sun.nio.fs.WindowsPathParser.isLetter(C)Z @ 15 c2
Event: 40.613 Thread 0x00000184bc0ebed0 DEOPT PACKING pc=0x00000184abaf8b4c sp=0x0000004dd02fed30
Event: 40.613 Thread 0x00000184bc0ebed0 DEOPT UNPACKING pc=0x00000184ab1f66a3 sp=0x0000004dd02fec90 mode 2

Classes unloaded (7 events):
Event: 30.551 Thread 0x00000184ba173580 Unloading class 0x0000000100252400 'java/lang/invoke/LambdaForm$MH+0x0000000100252400'
Event: 30.551 Thread 0x00000184ba173580 Unloading class 0x0000000100252000 'java/lang/invoke/LambdaForm$MH+0x0000000100252000'
Event: 30.551 Thread 0x00000184ba173580 Unloading class 0x0000000100251c00 'java/lang/invoke/LambdaForm$MH+0x0000000100251c00'
Event: 30.551 Thread 0x00000184ba173580 Unloading class 0x0000000100251800 'java/lang/invoke/LambdaForm$MH+0x0000000100251800'
Event: 30.551 Thread 0x00000184ba173580 Unloading class 0x0000000100251400 'java/lang/invoke/LambdaForm$BMH+0x0000000100251400'
Event: 30.551 Thread 0x00000184ba173580 Unloading class 0x0000000100251000 'java/lang/invoke/LambdaForm$DMH+0x0000000100251000'
Event: 30.551 Thread 0x00000184ba173580 Unloading class 0x000000010024c400 'java/lang/invoke/LambdaForm$DMH+0x000000010024c400'

Classes redefined (0 events):
No events

Internal exceptions (20 events):
Event: 40.907 Thread 0x00000184bc0ebed0 Exception <a 'sun/nio/fs/WindowsException'{0x00000000eb8a8ba8}> (0x00000000eb8a8ba8) 
thrown [s\src\hotspot\share\prims\jni.cpp, line 516]
Event: 40.908 Thread 0x00000184bc0ebed0 Exception <a 'sun/nio/fs/WindowsException'{0x00000000eb8ae150}> (0x00000000eb8ae150) 
thrown [s\src\hotspot\share\prims\jni.cpp, line 516]
Event: 40.909 Thread 0x00000184bc0ebed0 Exception <a 'sun/nio/fs/WindowsException'{0x00000000eb8b4878}> (0x00000000eb8b4878) 
thrown [s\src\hotspot\share\prims\jni.cpp, line 516]
Event: 40.909 Thread 0x00000184bc0ebed0 Exception <a 'sun/nio/fs/WindowsException'{0x00000000eb8baaa0}> (0x00000000eb8baaa0) 
thrown [s\src\hotspot\share\prims\jni.cpp, line 516]
Event: 40.910 Thread 0x00000184bc0ebed0 Exception <a 'sun/nio/fs/WindowsException'{0x00000000eb8c0548}> (0x00000000eb8c0548) 
thrown [s\src\hotspot\share\prims\jni.cpp, line 516]
Event: 40.910 Thread 0x00000184bc0ebed0 Exception <a 'sun/nio/fs/WindowsException'{0x00000000eb8c6c70}> (0x00000000eb8c6c70) 
thrown [s\src\hotspot\share\prims\jni.cpp, line 516]
Event: 40.911 Thread 0x00000184bc0ebed0 Exception <a 'sun/nio/fs/WindowsException'{0x00000000eb8cdb18}> (0x00000000eb8cdb18) 
thrown [s\src\hotspot\share\prims\jni.cpp, line 516]
Event: 40.912 Thread 0x00000184bc0ebed0 Exception <a 'sun/nio/fs/WindowsException'{0x00000000eb8d3fc0}> (0x00000000eb8d3fc0) 
thrown [s\src\hotspot\share\prims\jni.cpp, line 516]
Event: 40.913 Thread 0x00000184bc0ebed0 Exception <a 'sun/nio/fs/WindowsException'{0x00000000eb8da968}> (0x00000000eb8da968) 
thrown [s\src\hotspot\share\prims\jni.cpp, line 516]
Event: 40.915 Thread 0x00000184bc0ebed0 Exception <a 'sun/nio/fs/WindowsException'{0x00000000eb8e0910}> (0x00000000eb8e0910) 
thrown [s\src\hotspot\share\prims\jni.cpp, line 516]
Event: 40.916 Thread 0x00000184bc0ebed0 Exception <a 'sun/nio/fs/WindowsException'{0x00000000eb8e6138}> (0x00000000eb8e6138) 
thrown [s\src\hotspot\share\prims\jni.cpp, line 516]
Event: 40.916 Thread 0x00000184bc0ebed0 Exception <a 'sun/nio/fs/WindowsException'{0x00000000eb8ec860}> (0x00000000eb8ec860) 
thrown [s\src\hotspot\share\prims\jni.cpp, line 516]
Event: 40.917 Thread 0x00000184bc0ebed0 Exception <a 'sun/nio/fs/WindowsException'{0x00000000eb8f2f88}> (0x00000000eb8f2f88) 
thrown [s\src\hotspot\share\prims\jni.cpp, line 516]
Event: 40.917 Thread 0x00000184bc0ebed0 Exception <a 'sun/nio/fs/WindowsException'{0x00000000eb8f8a78}> (0x00000000eb8f8a78) 
thrown [s\src\hotspot\share\prims\jni.cpp, line 516]
Event: 40.918 Thread 0x00000184bc0ebed0 Exception <a 'sun/nio/fs/WindowsException'{0x00000000eb8ff6a0}> (0x00000000eb8ff6a0) 
thrown [s\src\hotspot\share\prims\jni.cpp, line 516]
Event: 40.919 Thread 0x00000184bc0ebed0 Exception <a 'sun/nio/fs/WindowsException'{0x00000000eb904c48}> (0x00000000eb904c48) 
thrown [s\src\hotspot\share\prims\jni.cpp, line 516]
Event: 40.920 Thread 0x00000184bc0ebed0 Exception <a 'sun/nio/fs/WindowsException'{0x00000000eb90abf0}> (0x00000000eb90abf0) 
thrown [s\src\hotspot\share\prims\jni.cpp, line 516]
Event: 40.920 Thread 0x00000184bc0ebed0 Exception <a 'sun/nio/fs/WindowsException'{0x00000000eb910418}> (0x00000000eb910418) 
thrown [s\src\hotspot\share\prims\jni.cpp, line 516]
Event: 40.921 Thread 0x00000184bc0ebed0 Exception <a 'sun/nio/fs/WindowsException'{0x00000000eb9154c0}> (0x00000000eb9154c0) 
thrown [s\src\hotspot\share\prims\jni.cpp, line 516]
Event: 40.922 Thread 0x00000184bc0ebed0 Exception <a 'sun/nio/fs/WindowsException'{0x00000000eb91aa68}> (0x00000000eb91aa68) 
thrown [s\src\hotspot\share\prims\jni.cpp, line 516]

VM Operations (20 events):
Event: 35.913 Executing VM operation: ParallelGCFailedAllocation
Event: 35.917 Executing VM operation: ParallelGCFailedAllocation done
Event: 36.008 Executing VM operation: ParallelGCFailedAllocation
Event: 36.010 Executing VM operation: ParallelGCFailedAllocation done
Event: 36.126 Executing VM operation: ParallelGCFailedAllocation
Event: 36.128 Executing VM operation: ParallelGCFailedAllocation done
Event: 36.179 Executing VM operation: ParallelGCFailedAllocation
Event: 36.183 Executing VM operation: ParallelGCFailedAllocation done
Event: 36.338 Executing VM operation: HandshakeAllThreads
Event: 36.338 Executing VM operation: HandshakeAllThreads done
Event: 37.122 Executing VM operation: HandshakeAllThreads
Event: 37.122 Executing VM operation: HandshakeAllThreads done
Event: 38.136 Executing VM operation: Cleanup
Event: 38.137 Executing VM operation: Cleanup done
Event: 38.745 Executing VM operation: ParallelGCFailedAllocation
Event: 38.747 Executing VM operation: ParallelGCFailedAllocation done
Event: 39.759 Executing VM operation: Cleanup
Event: 39.759 Executing VM operation: Cleanup done
Event: 40.136 Executing VM operation: ParallelGCFailedAllocation
Event: 40.137 Executing VM operation: ParallelGCFailedAllocation done

Events (20 events):
Event: 36.050 loading class java/util/WeakHashMap$KeyIterator done
Event: 36.307 Thread 0x00000184bc57c3e0 Thread exited: 0x00000184bc57c3e0
Event: 36.337 loading class java/nio/file/SimpleFileVisitor
Event: 36.337 loading class java/nio/file/SimpleFileVisitor done
Event: 36.338 loading class java/nio/file/FileTreeWalker$1
Event: 36.338 loading class java/nio/file/FileTreeWalker$1 done
Event: 36.477 Thread 0x00000184bc883d70 Thread exited: 0x00000184bc883d70
Event: 36.492 Thread 0x00000184bc883d70 Thread added: 0x00000184bc883d70
Event: 36.586 Thread 0x00000184bc57c3e0 Thread added: 0x00000184bc57c3e0
Event: 37.104 Thread 0x00000184bc57c3e0 Thread exited: 0x00000184bc57c3e0
Event: 37.123 Thread 0x00000184ba1edf60 flushing nmethod 0x00000184ab893110
Event: 37.400 Thread 0x00000184bc883d70 Thread exited: 0x00000184bc883d70
Event: 40.041 loading class sun/security/ssl/Alert
Event: 40.041 loading class sun/security/ssl/Alert done
Event: 40.041 loading class sun/security/ssl/Alert$AlertConsumer
Event: 40.042 loading class sun/security/ssl/Alert$AlertConsumer done
Event: 40.042 loading class sun/security/ssl/Alert$Level
Event: 40.042 loading class sun/security/ssl/Alert$Level done
Event: 40.043 Thread 0x00000184bdf2b400 Thread exited: 0x00000184bdf2b400
Event: 40.980 Thread 0x00000184bfdeca40 Thread added: 0x00000184bfdeca40


Dynamic libraries:
0x00007ff77a090000 - 0x00007ff77a09e000 	c:\Users\noir_\.vscode\extensions\redhat.java-1.27.0-win32-x64\jre\17.0.10-win32-x86_64\bin\java.exe
0x00007ffcdced0000 - 0x00007ffcdd0e7000 	C:\WINDOWS\SYSTEM32\ntdll.dll
0x00007ffcdb930000 - 0x00007ffcdb9f4000 	C:\WINDOWS\System32\KERNEL32.DLL
0x00007ffcda390000 - 0x00007ffcda736000 	C:\WINDOWS\System32\KERNELBASE.dll
0x00007ffcda740000 - 0x00007ffcda851000 	C:\WINDOWS\System32\ucrtbase.dll
0x00007ffcd1b00000 - 0x00007ffcd1b17000 	c:\Users\noir_\.vscode\extensions\redhat.java-1.27.0-win32-x64\jre\17.0.10-win32-x86_64\bin\jli.dll
0x00007ffcab860000 - 0x00007ffcab87b000 	c:\Users\noir_\.vscode\extensions\redhat.java-1.27.0-win32-x64\jre\17.0.10-win32-x86_64\bin\VCRUNTIME140.dll
0x00007ffcdb1a0000 - 0x00007ffcdb34e000 	C:\WINDOWS\System32\USER32.dll
0x00007ffcda360000 - 0x00007ffcda386000 	C:\WINDOWS\System32\win32u.dll
0x00007ffcdbb40000 - 0x00007ffcdbb69000 	C:\WINDOWS\System32\GDI32.dll
0x00007ffcda860000 - 0x00007ffcda978000 	C:\WINDOWS\System32\gdi32full.dll
0x00007ffcda2c0000 - 0x00007ffcda35a000 	C:\WINDOWS\System32\msvcp_win.dll
0x00007ffcc7b10000 - 0x00007ffcc7da3000 	C:\WINDOWS\WinSxS\amd64_microsoft.windows.common-controls_6595b64144ccf1df_6.0.22621.2506_none_270c5ae97388e100\COMCTL32.dll
0x00007ffcdccc0000 - 0x00007ffcdcd67000 	C:\WINDOWS\System32\msvcrt.dll
0x00007ffcdac20000 - 0x00007ffcdac51000 	C:\WINDOWS\System32\IMM32.DLL
0x00007ffcd51a0000 - 0x00007ffcd51ac000 	c:\Users\noir_\.vscode\extensions\redhat.java-1.27.0-win32-x64\jre\17.0.10-win32-x86_64\bin\vcruntime140_1.dll
0x00007ffca6950000 - 0x00007ffca69dd000 	c:\Users\noir_\.vscode\extensions\redhat.java-1.27.0-win32-x64\jre\17.0.10-win32-x86_64\bin\msvcp140.dll
0x00007ffc3ca10000 - 0x00007ffc3d672000 	c:\Users\noir_\.vscode\extensions\redhat.java-1.27.0-win32-x64\jre\17.0.10-win32-x86_64\bin\server\jvm.dll
0x00007ffcdba00000 - 0x00007ffcdbab3000 	C:\WINDOWS\System32\ADVAPI32.dll
0x00007ffcdb090000 - 0x00007ffcdb138000 	C:\WINDOWS\System32\sechost.dll
0x00007ffcda290000 - 0x00007ffcda2b8000 	C:\WINDOWS\System32\bcrypt.dll
0x00007ffcdb7b0000 - 0x00007ffcdb8c7000 	C:\WINDOWS\System32\RPCRT4.dll
0x00007ffcd9cc0000 - 0x00007ffcd9d0d000 	C:\WINDOWS\SYSTEM32\POWRPROF.dll
0x00007ffcd28f0000 - 0x00007ffcd2924000 	C:\WINDOWS\SYSTEM32\WINMM.dll
0x00007ffcbf600000 - 0x00007ffcbf609000 	C:\WINDOWS\SYSTEM32\WSOCK32.dll
0x00007ffcd3380000 - 0x00007ffcd338a000 	C:\WINDOWS\SYSTEM32\VERSION.dll
0x00007ffcdac60000 - 0x00007ffcdacd1000 	C:\WINDOWS\System32\WS2_32.dll
0x00007ffcd9b70000 - 0x00007ffcd9b83000 	C:\WINDOWS\SYSTEM32\UMPDC.dll
0x00007ffcd9250000 - 0x00007ffcd9268000 	C:\WINDOWS\SYSTEM32\kernel.appcore.dll
0x00007ffcbdc10000 - 0x00007ffcbdc1a000 	c:\Users\noir_\.vscode\extensions\redhat.java-1.27.0-win32-x64\jre\17.0.10-win32-x86_64\bin\jimage.dll
0x00007ffcd74c0000 - 0x00007ffcd76f3000 	C:\WINDOWS\SYSTEM32\DBGHELP.DLL
0x00007ffcdace0000 - 0x00007ffcdb069000 	C:\WINDOWS\System32\combase.dll
0x00007ffcdcbe0000 - 0x00007ffcdccb7000 	C:\WINDOWS\System32\OLEAUT32.dll
0x00007ffcc2d00000 - 0x00007ffcc2d32000 	C:\WINDOWS\SYSTEM32\dbgcore.DLL
0x00007ffcda210000 - 0x00007ffcda28a000 	C:\WINDOWS\System32\bcryptPrimitives.dll
0x00007ffcac9a0000 - 0x00007ffcac9ae000 	c:\Users\noir_\.vscode\extensions\redhat.java-1.27.0-win32-x64\jre\17.0.10-win32-x86_64\bin\instrument.dll
0x00007ffca6eb0000 - 0x00007ffca6ed5000 	c:\Users\noir_\.vscode\extensions\redhat.java-1.27.0-win32-x64\jre\17.0.10-win32-x86_64\bin\java.dll
0x00007ffca8850000 - 0x00007ffca8868000 	c:\Users\noir_\.vscode\extensions\redhat.java-1.27.0-win32-x64\jre\17.0.10-win32-x86_64\bin\zip.dll
0x00007ffcdbef0000 - 0x00007ffcdc74b000 	C:\WINDOWS\System32\SHELL32.dll
0x00007ffcd8170000 - 0x00007ffcd8a66000 	C:\WINDOWS\SYSTEM32\windows.storage.dll
0x00007ffcd8030000 - 0x00007ffcd816e000 	C:\WINDOWS\SYSTEM32\wintypes.dll
0x00007ffcdb6b0000 - 0x00007ffcdb7a3000 	C:\WINDOWS\System32\SHCORE.dll
0x00007ffcdb350000 - 0x00007ffcdb3ae000 	C:\WINDOWS\System32\shlwapi.dll
0x00007ffcda140000 - 0x00007ffcda166000 	C:\WINDOWS\SYSTEM32\profapi.dll
0x00007ffca7430000 - 0x00007ffca7449000 	C:\Users\noir_\.vscode\extensions\redhat.java-1.27.0-win32-x64\jre\17.0.10-win32-x86_64\bin\net.dll
0x00007ffcd3160000 - 0x00007ffcd3297000 	C:\WINDOWS\SYSTEM32\WINHTTP.dll
0x00007ffcd96d0000 - 0x00007ffcd9739000 	C:\WINDOWS\system32\mswsock.dll
0x00007ffca70c0000 - 0x00007ffca70d6000 	C:\Users\noir_\.vscode\extensions\redhat.java-1.27.0-win32-x64\jre\17.0.10-win32-x86_64\bin\nio.dll
0x00007ffcab320000 - 0x00007ffcab330000 	c:\Users\noir_\.vscode\extensions\redhat.java-1.27.0-win32-x64\jre\17.0.10-win32-x86_64\bin\verify.dll
0x00007ffca57c0000 - 0x00007ffca57fe000 	C:\Users\noir_\AppData\Roaming\Code\User\globalStorage\redhat.java\1.27.0\config_win\org.eclipse.equinox.launcher\org.eclipse.equinox.launcher.win32.win32.x86_64_1.2.900.v20240129-1338\eclipse_11900.dll
0x00007ffcdbbe0000 - 0x00007ffcdbd80000 	C:\WINDOWS\System32\ole32.dll
0x00007ffcd9920000 - 0x00007ffcd993b000 	C:\WINDOWS\SYSTEM32\CRYPTSP.dll
0x00007ffcd91b0000 - 0x00007ffcd91e5000 	C:\WINDOWS\system32\rsaenh.dll
0x00007ffcd97c0000 - 0x00007ffcd97ec000 	C:\WINDOWS\SYSTEM32\USERENV.dll
0x00007ffcd9940000 - 0x00007ffcd994c000 	C:\WINDOWS\SYSTEM32\CRYPTBASE.dll
0x00007ffcd8cd0000 - 0x00007ffcd8cfd000 	C:\WINDOWS\SYSTEM32\IPHLPAPI.DLL
0x00007ffcdbb70000 - 0x00007ffcdbb79000 	C:\WINDOWS\System32\NSI.dll
0x00007ffcd2d90000 - 0x00007ffcd2da9000 	C:\WINDOWS\SYSTEM32\dhcpcsvc6.DLL
0x00007ffcd2d70000 - 0x00007ffcd2d8f000 	C:\WINDOWS\SYSTEM32\dhcpcsvc.DLL
0x00007ffcd8d40000 - 0x00007ffcd8e39000 	C:\WINDOWS\SYSTEM32\DNSAPI.dll
0x00007ffca3ee0000 - 0x00007ffca3f25000 	C:\Users\noir_\AppData\Local\Temp\jna-104998645\jna11739516682872464442.dll
0x00007ffcdb140000 - 0x00007ffcdb148000 	C:\WINDOWS\System32\PSAPI.DLL
0x00007ffca8d40000 - 0x00007ffca8d4e000 	C:\Users\noir_\.vscode\extensions\redhat.java-1.27.0-win32-x64\jre\17.0.10-win32-x86_64\bin\sunmscapi.dll
0x00007ffcda980000 - 0x00007ffcdaae6000 	C:\WINDOWS\System32\CRYPT32.dll
0x00007ffcd9b40000 - 0x00007ffcd9b6e000 	C:\WINDOWS\SYSTEM32\ncrypt.dll
0x00007ffcd9af0000 - 0x00007ffcd9b27000 	C:\WINDOWS\SYSTEM32\NTASN1.dll
0x00007ffcc4920000 - 0x00007ffcc492a000 	C:\Windows\System32\rasadhlp.dll
0x00007ffcd23c0000 - 0x00007ffcd2443000 	C:\WINDOWS\System32\fwpuclnt.dll
0x00007ffca6ea0000 - 0x00007ffca6ea9000 	C:\Users\noir_\.vscode\extensions\redhat.java-1.27.0-win32-x64\jre\17.0.10-win32-x86_64\bin\extnet.dll

dbghelp: loaded successfully - version: 4.0.5 - missing functions: none
symbol engine: initialized successfully - sym options: 0x614 - pdb path: .;c:\Users\noir_\.vscode\extensions\redhat.java-1.27.0-win32-x64\jre\17.0.10-win32-x86_64\bin;C:\WINDOWS\SYSTEM32;C:\WINDOWS\WinSxS\amd64_microsoft.windows.common-controls_6595b64144ccf1df_6.0.22621.2506_none_270c5ae97388e100;c:\Users\noir_\.vscode\extensions\redhat.java-1.27.0-win32-x64\jre\17.0.10-win32-x86_64\bin\server;C:\Users\noir_\AppData\Roaming\Code\User\globalStorage\redhat.java\1.27.0\config_win\org.eclipse.equinox.launcher\org.eclipse.equinox.launcher.win32.win32.x86_64_1.2.900.v20240129-1338;C:\Users\noir_\AppData\Local\Temp\jna-104998645

VM Arguments:
jvm_args: --add-modules=ALL-SYSTEM --add-opens=java.base/java.util=ALL-UNNAMED --add-opens=java.base/java.lang=ALL-UNNAMED --add-opens=java.base/sun.nio.fs=ALL-UNNAMED -Declipse.application=org.eclipse.jdt.ls.core.id1 -Dosgi.bundles.defaultStartLevel=4 -Declipse.product=org.eclipse.jdt.ls.core.product -Djava.import.generatesMetadataFilesAtProjectRoot=false -DDetectVMInstallationsJob.disabled=true -Dfile.encoding=utf8 -XX:+UseParallelGC -XX:GCTimeRatio=4 -XX:AdaptiveSizePolicyWeight=90 -Dsun.zip.disableMemoryMapping=true -Xmx1G -Xms100m -Xlog:disable -javaagent:c:\Users\noir_\.vscode\extensions\redhat.java-1.27.0-win32-x64\lombok\lombok-1.18.31.jar -XX:+HeapDumpOnOutOfMemoryError -XX:HeapDumpPath=c:\Users\noir_\AppData\Roaming\Code\User\workspaceStorage\56730a31681e540ef937ae5023f4b58e\redhat.java -Daether.dependencyCollector.impl=bf 
java_command: c:\Users\noir_\.vscode\extensions\redhat.java-1.27.0-win32-x64\server\plugins\org.eclipse.equinox.launcher_1.6.700.v20231214-2017.jar -configuration c:\Users\noir_\AppData\Roaming\Code\User\globalStorage\redhat.java\1.27.0\config_win -data c:\Users\noir_\AppData\Roaming\Code\User\workspaceStorage\56730a31681e540ef937ae5023f4b58e\redhat.java\jdt_ws --stdio
java_class_path (initial): c:\Users\noir_\.vscode\extensions\redhat.java-1.27.0-win32-x64\server\plugins\org.eclipse.equinox.launcher_1.6.700.v20231214-2017.jar
Launcher Type: SUN_STANDARD

[Global flags]
    uintx AdaptiveSizePolicyWeight                 = 90                                        {product} {command line}
     intx CICompilerCount                          = 4                                         {product} {ergonomic}
    uintx GCTimeRatio                              = 4                                         {product} {command line}
     bool HeapDumpOnOutOfMemoryError               = true                                   {manageable} {command line}
    ccstr HeapDumpPath                             = c:\Users\noir_\AppData\Roaming\Code\User\workspaceStorage\56730a31681e540ef937ae5023f4b58e\redhat.java         {manageable} {command line}
   size_t InitialHeapSize                          = 104857600                                 {product} {command line}
   size_t MaxHeapSize                              = 1073741824                                {product} {command line}
   size_t MaxNewSize                               = 357564416                                 {product} {ergonomic}
   size_t MinHeapDeltaBytes                        = 524288                                    {product} {ergonomic}
   size_t MinHeapSize                              = 104857600                                 {product} {command line}
   size_t NewSize                                  = 34603008                                  {product} {ergonomic}
    uintx NonNMethodCodeHeapSize                   = 5839372                                {pd product} {ergonomic}
    uintx NonProfiledCodeHeapSize                  = 122909434                              {pd product} {ergonomic}
   size_t OldSize                                  = 70254592                                  {product} {ergonomic}
    uintx ProfiledCodeHeapSize                     = 122909434                              {pd product} {ergonomic}
    uintx ReservedCodeCacheSize                    = 251658240                              {pd product} {ergonomic}
     bool SegmentedCodeCache                       = true                                      {product} {ergonomic}
   size_t SoftMaxHeapSize                          = 1073741824                             {manageable} {ergonomic}
     bool UseCompressedClassPointers               = true                           {product lp64_product} {ergonomic}
     bool UseCompressedOops                        = true                           {product lp64_product} {ergonomic}
     bool UseLargePagesIndividualAllocation        = false                                  {pd product} {ergonomic}
     bool UseParallelGC                            = true                                      {product} {command line}

Logging:
Log output configuration:
 #0: stdout all=off uptime,level,tags
 #1: stderr all=off uptime,level,tags

Environment Variables:
JAVA_HOME=C:\Program Files\Java\jdk-15.0.1
PATH=C:\Program Files\Common Files\Oracle\Java\javapath;C:\Program Files (x86)\Common Files\Oracle\Java\javapath;C:\Users\noir_\Documents;C:\Program Files (x86)\Intel\Intel(R) Management Engine Components\iCLS\;C:\Program Files\Intel\Intel(R) Management Engine Components\iCLS\;C:\Windows\system32;C:\Windows;C:\Windows\System32\Wbem;C:\Windows\System32\WindowsPowerShell\v1.0\;C:\Program Files (x86)\Intel\Intel(R) Management Engine Components\DAL;C:\Program Files\Intel\Intel(R) Management Engine Components\DAL;C:\Program Files (x86)\Intel\Intel(R) Management Engine Components\IPT;C:\Program Files\Intel\Intel(R) Management Engine Components\IPT;C:\WINDOWS\system32;C:\WINDOWS;C:\WINDOWS\System32\Wbem;C:\WINDOWS\System32\WindowsPowerShell\v1.0\;C:\WINDOWS\System32\OpenSSH\;C:\Program Files\Git\cmd;C:\Program Files\Java\jdk-15.0.1\bin;;C:\PROGRA~1\JPKI;C:\Program Files\dotnet\;C:\Program Files\NVIDIA Corporation\NVIDIA NvDLISR;C:\Program Files (x86)\NVIDIA Corporation\PhysX\Common;C:\Users\noir_\AppData\Local\Microsoft\WindowsApps;;C:\Users\noir_\AppData\Local\Programs\Microsoft VS Code\bin;C:\Program Files\JetBrains\IntelliJ IDEA 2020.2.1\bin;;C:\Program Files\JetBrains\IntelliJ IDEA Community Edition 2020.3.1\bin;
USERNAME=noir_
OS=Windows_NT
PROCESSOR_IDENTIFIER=Intel64 Family 6 Model 158 Stepping 10, GenuineIntel
TMP=C:\Users\noir_\AppData\Local\Temp
TEMP=C:\Users\noir_\AppData\Local\Temp



Periodic native trim disabled


---------------  S Y S T E M  ---------------

OS:
 Windows 11 , 64 bit Build 22621 (10.0.22621.3085)
OS uptime: 1 days 12:56 hours

CPU: total 12 (initial active 12) (6 cores per cpu, 2 threads per core) family 6 model 158 stepping 10 microcode 0xde, cx8, cmov, fxsr, ht, mmx, 3dnowpref, sse, sse2, sse3, ssse3, sse4.1, sse4.2, popcnt, lzcnt, tsc, tscinvbit, avx, avx2, aes, erms, clmul, bmi1, bmi2, rtm, adx, fma, vzeroupper, clflush, clflushopt
Processor Information for all 12 processors :
  Max Mhz: 3192, Current Mhz: 3192, Mhz Limit: 3192

Memory: 4k page, system-wide physical 32614M (6364M free)
TotalPageFile size 34662M (AvailPageFile size 22M)
current process WorkingSet (physical memory assigned to process): 200M, peak: 241M
current process commit charge ("private bytes"): 282M, peak: 334M

vm_info: OpenJDK 64-Bit Server VM (17.0.10+7) for windows-amd64 JRE (17.0.10+7), built on Jan 16 2024 23:25:11 by "admin" with MS VC++ 16.10 / 16.11 (VS2019)

END.
